SF:/Users/ueli/Documents/semio/mathematical/number/rs/src/integer.rs
FN:390,_RNvNtNtCs4n0aYCRvclD_19mathematical_number7integer5tests1i
FN:411,_RNvNtNtCs4n0aYCRvclD_19mathematical_number7integer5testss_17mul_sign_handling
FN:403,_RNvNtNtCs4n0aYCRvclD_19mathematical_number7integer5testss_21add_sub_sign_handling
FN:452,_RNvNtNtCs4n0aYCRvclD_19mathematical_number7integer5testss_21ordering_across_signs
FN:466,_RNvNtNtCs4n0aYCRvclD_19mathematical_number7integer5testss_29nth_root_odd_accepts_negative
FN:460,_RNvNtNtCs4n0aYCRvclD_19mathematical_number7integer5testss_30checked_isqrt_rejects_negative
FN:441,_RNvNtNtCs4n0aYCRvclD_19mathematical_number7integer5testss_38extended_gcd_satisfies_bezout_identity
FN:395,_RNvNtNtCs4n0aYCRvclD_19mathematical_number7integer5testss_38string_roundtrip_positive_and_negative
FN:418,_RNvNtNtCs4n0aYCRvclD_19mathematical_number7integer5testss_40div_rem_truncated_matches_rust_semantics
FN:472,_RNvNtNtCs4n0aYCRvclD_19mathematical_number7integer5testss_40ring_trait_impl_matches_inherent_methods
FN:426,_RNvNtNtCs4n0aYCRvclD_19mathematical_number7integer5testss_41div_rem_floor_matches_math_floor_division
FN:432,_RNvNtNtCs4n0aYCRvclD_19mathematical_number7integer5testss_43div_rem_euclid_remainder_always_nonnegative
FN:108,_RNvMNtCs4n0aYCRvclD_19mathematical_number7integerNtB2_7Integer11abs_integer
FN:212,_RNvMNtCs4n0aYCRvclD_19mathematical_number7integerNtB2_7Integer3gcd
FN:237,_RNvMNtCs4n0aYCRvclD_19mathematical_number7integerNtB2_7Integer3lcm
FN:183,_RNvMNtCs4n0aYCRvclD_19mathematical_number7integerNtB2_7Integer3pow
FN:76,_RNvMNtCs4n0aYCRvclD_19mathematical_number7integerNtB2_7Integer4sign
FN:80,_RNvMNtCs4n0aYCRvclD_19mathematical_number7integerNtB2_7Integer6signum
FN:61,_RNvMNtCs4n0aYCRvclD_19mathematical_number7integerNtB2_7Integer6to_i64
FN:49,_RNvMNtCs4n0aYCRvclD_19mathematical_number7integerNtB2_7Integer9from_i128
FN:312,_RNvXs3_NtCs4n0aYCRvclD_19mathematical_number7integerNtB5_7IntegerINtNtCsh3XdwJDMWoV_4core7convert4FromyE4from
FN:318,_RNvXs4_NtCs4n0aYCRvclD_19mathematical_number7integerNtB5_7IntegerINtNtCsh3XdwJDMWoV_4core7convert4FromNtNtB7_7natural7NaturalE4from
FN:351,_RNvXs5_NtCs4n0aYCRvclD_19mathematical_number7integerNtB5_7IntegerNtNtB7_6traits4Ring14characteristic
FN:333,_RNvXs5_NtCs4n0aYCRvclD_19mathematical_number7integerNtB5_7IntegerNtNtB7_6traits4Ring3neg
FN:327,_RNvXs5_NtCs4n0aYCRvclD_19mathematical_number7integerNtB5_7IntegerNtNtB7_6traits4Ring3one
FN:348,_RNvXs5_NtCs4n0aYCRvclD_19mathematical_number7integerNtB5_7IntegerNtNtB7_6traits4Ring3pow
FN:339,_RNvXs5_NtCs4n0aYCRvclD_19mathematical_number7integerNtB5_7IntegerNtNtB7_6traits4Ring3sub
FN:324,_RNvXs5_NtCs4n0aYCRvclD_19mathematical_number7integerNtB5_7IntegerNtNtB7_6traits4Ring4zero
FN:342,_RNvXs5_NtCs4n0aYCRvclD_19mathematical_number7integerNtB5_7IntegerNtNtB7_6traits4Ring7is_zero
FN:345,_RNvXs5_NtCs4n0aYCRvclD_19mathematical_number7integerNtB5_7IntegerNtNtB7_6traits4Ring8from_i64
FN:370,_RNvXs8_NtCs4n0aYCRvclD_19mathematical_number7integerNtB5_7IntegerNtNtB7_6traits9GcdDomain3gcd
FN:373,_RNvXs8_NtCs4n0aYCRvclD_19mathematical_number7integerNtB5_7IntegerNtNtB7_6traits9GcdDomain3lcm
FN:378,_RNvXs9_NtCs4n0aYCRvclD_19mathematical_number7integerNtB5_7IntegerNtNtB7_6traits15EuclideanDomain7div_rem
FN:258,_RNvXs_NtCs4n0aYCRvclD_19mathematical_number7integerNtB4_7IntegerNtNtCsh3XdwJDMWoV_4core3fmt7Display3fmt
FN:303,_RNvXso_NtCs4n0aYCRvclD_19mathematical_number7integerNtB5_7IntegerINtNtCsh3XdwJDMWoV_4core7convert4FromaE4from
FN:303,_RNvXsp_NtCs4n0aYCRvclD_19mathematical_number7integerNtB5_7IntegerINtNtCsh3XdwJDMWoV_4core7convert4FromsE4from
FN:303,_RNvXsq_NtCs4n0aYCRvclD_19mathematical_number7integerNtB5_7IntegerINtNtCsh3XdwJDMWoV_4core7convert4FromlE4from
FN:303,_RNvXsr_NtCs4n0aYCRvclD_19mathematical_number7integerNtB5_7IntegerINtNtCsh3XdwJDMWoV_4core7convert4FromxE4from
FN:303,_RNvXss_NtCs4n0aYCRvclD_19mathematical_number7integerNtB5_7IntegerINtNtCsh3XdwJDMWoV_4core7convert4FromhE4from
FN:303,_RNvXst_NtCs4n0aYCRvclD_19mathematical_number7integerNtB5_7IntegerINtNtCsh3XdwJDMWoV_4core7convert4FromtE4from
FN:303,_RNvXsu_NtCs4n0aYCRvclD_19mathematical_number7integerNtB5_7IntegerINtNtCsh3XdwJDMWoV_4core7convert4FrommE4from
FN:25,_RNvMNtCs4n0aYCRvclD_19mathematical_number7integerNtB2_7Integer10from_parts
FN:246,_RNvMNtCs4n0aYCRvclD_19mathematical_number7integerNtB2_7Integer10to_decimal
FN:96,_RNvMNtCs4n0aYCRvclD_19mathematical_number7integerNtB2_7Integer11is_negative
FN:92,_RNvMNtCs4n0aYCRvclD_19mathematical_number7integerNtB2_7Integer11is_positive
FN:217,_RNvMNtCs4n0aYCRvclD_19mathematical_number7integerNtB2_7Integer12extended_gcd
FN:57,_RNvMNtCs4n0aYCRvclD_19mathematical_number7integerNtB2_7Integer12from_natural
FN:196,_RNvMNtCs4n0aYCRvclD_19mathematical_number7integerNtB2_7Integer13checked_isqrt
FN:159,_RNvMNtCs4n0aYCRvclD_19mathematical_number7integerNtB2_7Integer13div_rem_floor
FN:169,_RNvMNtCs4n0aYCRvclD_19mathematical_number7integerNtB2_7Integer14div_rem_euclid
FN:104,_RNvMNtCs4n0aYCRvclD_19mathematical_number7integerNtB2_7Integer3abs
FN:121,_RNvMNtCs4n0aYCRvclD_19mathematical_number7integerNtB2_7Integer3add
FN:140,_RNvMNtCs4n0aYCRvclD_19mathematical_number7integerNtB2_7Integer3mul
FN:112,_RNvMNtCs4n0aYCRvclD_19mathematical_number7integerNtB2_7Integer3neg
FN:37,_RNvMNtCs4n0aYCRvclD_19mathematical_number7integerNtB2_7Integer3one
FN:136,_RNvMNtCs4n0aYCRvclD_19mathematical_number7integerNtB2_7Integer3sub
FN:33,_RNvMNtCs4n0aYCRvclD_19mathematical_number7integerNtB2_7Integer4zero
FN:151,_RNvMNtCs4n0aYCRvclD_19mathematical_number7integerNtB2_7Integer7div_rem
FN:88,_RNvMNtCs4n0aYCRvclD_19mathematical_number7integerNtB2_7Integer7is_zero
FN:41,_RNvMNtCs4n0aYCRvclD_19mathematical_number7integerNtB2_7Integer8from_i64
FN:204,_RNvMNtCs4n0aYCRvclD_19mathematical_number7integerNtB2_7Integer8nth_root
FN:100,_RNvMNtCs4n0aYCRvclD_19mathematical_number7integerNtB2_7Integer9magnitude
FN:265,_RNvXs0_NtCs4n0aYCRvclD_19mathematical_number7integerNtB5_7IntegerNtNtNtCsh3XdwJDMWoV_4core3str6traits7FromStr8from_str
FN:277,_RNvXs1_NtCs4n0aYCRvclD_19mathematical_number7integerNtB5_7IntegerNtNtCsh3XdwJDMWoV_4core3cmp3Ord3cmp
FN:295,_RNvXs2_NtCs4n0aYCRvclD_19mathematical_number7integerNtB5_7IntegerNtNtCsh3XdwJDMWoV_4core3cmp10PartialOrd11partial_cmp
FN:330,_RNvXs5_NtCs4n0aYCRvclD_19mathematical_number7integerNtB5_7IntegerNtNtB7_6traits4Ring3add
FN:336,_RNvXs5_NtCs4n0aYCRvclD_19mathematical_number7integerNtB5_7IntegerNtNtB7_6traits4Ring3mul
FN:357,_RNvXs7_NtCs4n0aYCRvclD_19mathematical_number7integerNtB5_7IntegerNtNtB7_6traits14IntegralDomain9exact_div
FN:279,_RNCNvXs1_NtCs4n0aYCRvclD_19mathematical_number7integerNtB7_7IntegerNtNtCsh3XdwJDMWoV_4core3cmp3Ord3cmp0B9_
FNDA:86,_RNvNtNtCs4n0aYCRvclD_19mathematical_number7integer5tests1i
FNDA:1,_RNvNtNtCs4n0aYCRvclD_19mathematical_number7integer5testss_17mul_sign_handling
FNDA:1,_RNvNtNtCs4n0aYCRvclD_19mathematical_number7integer5testss_21add_sub_sign_handling
FNDA:1,_RNvNtNtCs4n0aYCRvclD_19mathematical_number7integer5testss_21ordering_across_signs
FNDA:1,_RNvNtNtCs4n0aYCRvclD_19mathematical_number7integer5testss_29nth_root_odd_accepts_negative
FNDA:1,_RNvNtNtCs4n0aYCRvclD_19mathematical_number7integer5testss_30checked_isqrt_rejects_negative
FNDA:1,_RNvNtNtCs4n0aYCRvclD_19mathematical_number7integer5testss_38extended_gcd_satisfies_bezout_identity
FNDA:1,_RNvNtNtCs4n0aYCRvclD_19mathematical_number7integer5testss_38string_roundtrip_positive_and_negative
FNDA:1,_RNvNtNtCs4n0aYCRvclD_19mathematical_number7integer5testss_40div_rem_truncated_matches_rust_semantics
FNDA:1,_RNvNtNtCs4n0aYCRvclD_19mathematical_number7integer5testss_40ring_trait_impl_matches_inherent_methods
FNDA:1,_RNvNtNtCs4n0aYCRvclD_19mathematical_number7integer5testss_41div_rem_floor_matches_math_floor_division
FNDA:1,_RNvNtNtCs4n0aYCRvclD_19mathematical_number7integer5testss_43div_rem_euclid_remainder_always_nonnegative
FNDA:0,_RNvMNtCs4n0aYCRvclD_19mathematical_number7integerNtB2_7Integer11abs_integer
FNDA:0,_RNvMNtCs4n0aYCRvclD_19mathematical_number7integerNtB2_7Integer3gcd
FNDA:0,_RNvMNtCs4n0aYCRvclD_19mathematical_number7integerNtB2_7Integer3lcm
FNDA:0,_RNvMNtCs4n0aYCRvclD_19mathematical_number7integerNtB2_7Integer3pow
FNDA:0,_RNvMNtCs4n0aYCRvclD_19mathematical_number7integerNtB2_7Integer4sign
FNDA:0,_RNvMNtCs4n0aYCRvclD_19mathematical_number7integerNtB2_7Integer6signum
FNDA:0,_RNvMNtCs4n0aYCRvclD_19mathematical_number7integerNtB2_7Integer6to_i64
FNDA:0,_RNvMNtCs4n0aYCRvclD_19mathematical_number7integerNtB2_7Integer9from_i128
FNDA:0,_RNvXs3_NtCs4n0aYCRvclD_19mathematical_number7integerNtB5_7IntegerINtNtCsh3XdwJDMWoV_4core7convert4FromyE4from
FNDA:0,_RNvXs4_NtCs4n0aYCRvclD_19mathematical_number7integerNtB5_7IntegerINtNtCsh3XdwJDMWoV_4core7convert4FromNtNtB7_7natural7NaturalE4from
FNDA:0,_RNvXs5_NtCs4n0aYCRvclD_19mathematical_number7integerNtB5_7IntegerNtNtB7_6traits4Ring14characteristic
FNDA:0,_RNvXs5_NtCs4n0aYCRvclD_19mathematical_number7integerNtB5_7IntegerNtNtB7_6traits4Ring3neg
FNDA:0,_RNvXs5_NtCs4n0aYCRvclD_19mathematical_number7integerNtB5_7IntegerNtNtB7_6traits4Ring3one
FNDA:0,_RNvXs5_NtCs4n0aYCRvclD_19mathematical_number7integerNtB5_7IntegerNtNtB7_6traits4Ring3pow
FNDA:0,_RNvXs5_NtCs4n0aYCRvclD_19mathematical_number7integerNtB5_7IntegerNtNtB7_6traits4Ring3sub
FNDA:0,_RNvXs5_NtCs4n0aYCRvclD_19mathematical_number7integerNtB5_7IntegerNtNtB7_6traits4Ring4zero
FNDA:0,_RNvXs5_NtCs4n0aYCRvclD_19mathematical_number7integerNtB5_7IntegerNtNtB7_6traits4Ring7is_zero
FNDA:0,_RNvXs5_NtCs4n0aYCRvclD_19mathematical_number7integerNtB5_7IntegerNtNtB7_6traits4Ring8from_i64
FNDA:0,_RNvXs8_NtCs4n0aYCRvclD_19mathematical_number7integerNtB5_7IntegerNtNtB7_6traits9GcdDomain3gcd
FNDA:0,_RNvXs8_NtCs4n0aYCRvclD_19mathematical_number7integerNtB5_7IntegerNtNtB7_6traits9GcdDomain3lcm
FNDA:0,_RNvXs9_NtCs4n0aYCRvclD_19mathematical_number7integerNtB5_7IntegerNtNtB7_6traits15EuclideanDomain7div_rem
FNDA:0,_RNvXs_NtCs4n0aYCRvclD_19mathematical_number7integerNtB4_7IntegerNtNtCsh3XdwJDMWoV_4core3fmt7Display3fmt
FNDA:0,_RNvXso_NtCs4n0aYCRvclD_19mathematical_number7integerNtB5_7IntegerINtNtCsh3XdwJDMWoV_4core7convert4FromaE4from
FNDA:0,_RNvXsp_NtCs4n0aYCRvclD_19mathematical_number7integerNtB5_7IntegerINtNtCsh3XdwJDMWoV_4core7convert4FromsE4from
FNDA:0,_RNvXsq_NtCs4n0aYCRvclD_19mathematical_number7integerNtB5_7IntegerINtNtCsh3XdwJDMWoV_4core7convert4FromlE4from
FNDA:0,_RNvXsr_NtCs4n0aYCRvclD_19mathematical_number7integerNtB5_7IntegerINtNtCsh3XdwJDMWoV_4core7convert4FromxE4from
FNDA:0,_RNvXss_NtCs4n0aYCRvclD_19mathematical_number7integerNtB5_7IntegerINtNtCsh3XdwJDMWoV_4core7convert4FromhE4from
FNDA:0,_RNvXst_NtCs4n0aYCRvclD_19mathematical_number7integerNtB5_7IntegerINtNtCsh3XdwJDMWoV_4core7convert4FromtE4from
FNDA:0,_RNvXsu_NtCs4n0aYCRvclD_19mathematical_number7integerNtB5_7IntegerINtNtCsh3XdwJDMWoV_4core7convert4FrommE4from
FNDA:725,_RNvMNtCs4n0aYCRvclD_19mathematical_number7integerNtB2_7Integer10from_parts
FNDA:4,_RNvMNtCs4n0aYCRvclD_19mathematical_number7integerNtB2_7Integer10to_decimal
FNDA:136,_RNvMNtCs4n0aYCRvclD_19mathematical_number7integerNtB2_7Integer11is_negative
FNDA:2,_RNvMNtCs4n0aYCRvclD_19mathematical_number7integerNtB2_7Integer11is_positive
FNDA:5,_RNvMNtCs4n0aYCRvclD_19mathematical_number7integerNtB2_7Integer12extended_gcd
FNDA:73,_RNvMNtCs4n0aYCRvclD_19mathematical_number7integerNtB2_7Integer12from_natural
FNDA:2,_RNvMNtCs4n0aYCRvclD_19mathematical_number7integerNtB2_7Integer13checked_isqrt
FNDA:36,_RNvMNtCs4n0aYCRvclD_19mathematical_number7integerNtB2_7Integer13div_rem_floor
FNDA:4,_RNvMNtCs4n0aYCRvclD_19mathematical_number7integerNtB2_7Integer14div_rem_euclid
FNDA:81,_RNvMNtCs4n0aYCRvclD_19mathematical_number7integerNtB2_7Integer3abs
FNDA:150,_RNvMNtCs4n0aYCRvclD_19mathematical_number7integerNtB2_7Integer3add
FNDA:160,_RNvMNtCs4n0aYCRvclD_19mathematical_number7integerNtB2_7Integer3mul
FNDA:73,_RNvMNtCs4n0aYCRvclD_19mathematical_number7integerNtB2_7Integer3neg
FNDA:22,_RNvMNtCs4n0aYCRvclD_19mathematical_number7integerNtB2_7Integer3one
FNDA:64,_RNvMNtCs4n0aYCRvclD_19mathematical_number7integerNtB2_7Integer3sub
FNDA:35,_RNvMNtCs4n0aYCRvclD_19mathematical_number7integerNtB2_7Integer4zero
FNDA:67,_RNvMNtCs4n0aYCRvclD_19mathematical_number7integerNtB2_7Integer7div_rem
FNDA:658,_RNvMNtCs4n0aYCRvclD_19mathematical_number7integerNtB2_7Integer7is_zero
FNDA:89,_RNvMNtCs4n0aYCRvclD_19mathematical_number7integerNtB2_7Integer8from_i64
FNDA:2,_RNvMNtCs4n0aYCRvclD_19mathematical_number7integerNtB2_7Integer8nth_root
FNDA:113,_RNvMNtCs4n0aYCRvclD_19mathematical_number7integerNtB2_7Integer9magnitude
FNDA:86,_RNvXs0_NtCs4n0aYCRvclD_19mathematical_number7integerNtB5_7IntegerNtNtNtCsh3XdwJDMWoV_4core3str6traits7FromStr8from_str
FNDA:11,_RNvXs1_NtCs4n0aYCRvclD_19mathematical_number7integerNtB5_7IntegerNtNtCsh3XdwJDMWoV_4core3cmp3Ord3cmp
FNDA:4,_RNvXs2_NtCs4n0aYCRvclD_19mathematical_number7integerNtB5_7IntegerNtNtCsh3XdwJDMWoV_4core3cmp10PartialOrd11partial_cmp
FNDA:1,_RNvXs5_NtCs4n0aYCRvclD_19mathematical_number7integerNtB5_7IntegerNtNtB7_6traits4Ring3add
FNDA:1,_RNvXs5_NtCs4n0aYCRvclD_19mathematical_number7integerNtB5_7IntegerNtNtB7_6traits4Ring3mul
FNDA:2,_RNvXs7_NtCs4n0aYCRvclD_19mathematical_number7integerNtB5_7IntegerNtNtB7_6traits14IntegralDomain9exact_div
FNDA:22,_RNCNvXs1_NtCs4n0aYCRvclD_19mathematical_number7integerNtB7_7IntegerNtNtCsh3XdwJDMWoV_4core3cmp3Ord3cmp0B9_
FNF:63
FNH:40
DA:25,725
DA:26,725
DA:27,19
DA:29,706
DA:31,725
DA:33,35
DA:34,35
DA:35,35
DA:37,22
DA:38,22
DA:39,22
DA:41,89
DA:42,89
DA:43,2
DA:44,87
DA:45,87
DA:46,87
DA:47,89
DA:49,0
DA:50,0
DA:51,0
DA:52,0
DA:53,0
DA:54,0
DA:55,0
DA:57,73
DA:58,73
DA:59,73
DA:61,0
DA:62,0
DA:63,0
DA:64,0
DA:65,0
DA:67,0
DA:68,0
DA:70,0
DA:74,0
DA:76,0
DA:77,0
DA:78,0
DA:80,0
DA:81,0
DA:82,0
DA:83,0
DA:84,0
DA:86,0
DA:88,658
DA:89,658
DA:90,658
DA:92,2
DA:93,2
DA:94,2
DA:96,136
DA:97,136
DA:98,136
DA:100,113
DA:101,113
DA:102,113
DA:104,81
DA:105,81
DA:106,81
DA:108,0
DA:109,0
DA:110,0
DA:112,73
DA:113,73
DA:114,7
DA:115,31
DA:116,35
DA:118,73
DA:121,150
DA:122,150
DA:123,13
DA:124,9
DA:125,128
DA:127,35
DA:128,24
DA:130,11
DA:134,150
DA:136,64
DA:137,64
DA:138,64
DA:140,160
DA:141,160
DA:142,11
DA:143,149
DA:144,149
DA:145,149
DA:146,160
DA:151,67
DA:152,67
DA:153,67
DA:154,67
DA:155,67
DA:156,67
DA:159,36
DA:160,36
DA:161,36
DA:162,32
DA:164,4
DA:166,36
DA:169,4
DA:170,4
DA:171,4
DA:172,2
DA:173,1
DA:175,1
DA:178,2
DA:180,4
DA:183,0
DA:184,0
DA:185,0
DA:186,0
DA:187,0
DA:188,0
DA:190,0
DA:192,0
DA:193,0
DA:196,2
DA:197,2
DA:198,1
DA:199,1
DA:200,1
DA:201,2
DA:204,2
DA:205,2
DA:206,1
DA:207,1
DA:208,1
DA:209,1
DA:210,2
DA:212,0
DA:213,0
DA:214,0
DA:217,5
DA:218,5
DA:219,5
DA:220,5
DA:221,24
DA:222,19
DA:223,19
DA:224,19
DA:225,19
DA:226,19
DA:227,19
DA:228,19
DA:229,19
DA:230,5
DA:231,1
DA:233,4
DA:235,5
DA:237,0
DA:238,0
DA:239,0
DA:240,0
DA:241,0
DA:242,0
DA:243,0
DA:244,0
DA:246,4
DA:247,4
DA:248,1
DA:250,3
DA:252,4
DA:258,0
DA:259,0
DA:260,0
DA:265,86
DA:266,86
DA:267,43
DA:268,43
DA:270,43
DA:271,43
DA:273,86
DA:277,11
DA:279,22
DA:280,5
DA:281,2
DA:282,15
DA:283,22
DA:284,11
DA:285,7
DA:286,1
DA:287,6
DA:289,4
DA:291,11
DA:295,4
DA:296,4
DA:297,4
DA:303,0
DA:304,0
DA:305,0
DA:312,0
DA:313,0
DA:314,0
DA:318,0
DA:319,0
DA:320,0
DA:324,0
DA:325,0
DA:326,0
DA:327,0
DA:328,0
DA:329,0
DA:330,1
DA:331,1
DA:332,1
DA:333,0
DA:334,0
DA:335,0
DA:336,1
DA:337,1
DA:338,1
DA:339,0
DA:340,0
DA:341,0
DA:342,0
DA:343,0
DA:344,0
DA:345,0
DA:346,0
DA:347,0
DA:348,0
DA:349,0
DA:350,0
DA:351,0
DA:352,0
DA:353,0
DA:357,2
DA:358,2
DA:359,0
DA:360,2
DA:361,2
DA:362,2
DA:363,1
DA:365,1
DA:367,2
DA:370,0
DA:371,0
DA:372,0
DA:373,0
DA:374,0
DA:375,0
DA:378,0
DA:379,0
DA:380,0
DA:390,86
DA:391,86
DA:392,86
DA:395,1
DA:396,1
DA:397,1
DA:398,1
DA:399,1
DA:400,1
DA:403,1
DA:404,1
DA:405,1
DA:406,1
DA:407,1
DA:408,1
DA:411,1
DA:412,1
DA:413,1
DA:414,1
DA:415,1
DA:418,1
DA:419,1
DA:420,1
DA:421,1
DA:422,1
DA:423,1
DA:426,1
DA:427,1
DA:428,1
DA:429,1
DA:432,1
DA:433,4
DA:434,4
DA:435,4
DA:436,4
DA:438,1
DA:441,1
DA:442,5
DA:443,5
DA:444,5
DA:445,5
DA:446,5
DA:447,5
DA:449,1
DA:452,1
DA:453,1
DA:454,1
DA:455,1
DA:456,1
DA:457,1
DA:460,1
DA:461,1
DA:462,1
DA:463,1
DA:466,1
DA:467,1
DA:468,1
DA:469,1
DA:472,1
DA:473,1
DA:474,1
DA:475,1
DA:476,1
DA:477,1
DA:478,1
DA:479,1
BRF:0
BRH:0
LF:313
LH:219
end_of_record
SF:/Users/ueli/Documents/semio/mathematical/number/rs/src/interval.rs
FN:194,_RNvMNtCs4n0aYCRvclD_19mathematical_number8intervalNtB2_8Interval2ln
FN:117,_RNvMNtCs4n0aYCRvclD_19mathematical_number8intervalNtB2_8Interval3abs
FN:213,_RNvMNtCs4n0aYCRvclD_19mathematical_number8intervalNtB2_8Interval3cos
FN:189,_RNvMNtCs4n0aYCRvclD_19mathematical_number8intervalNtB2_8Interval3exp
FN:113,_RNvMNtCs4n0aYCRvclD_19mathematical_number8intervalNtB2_8Interval3neg
FN:203,_RNvMNtCs4n0aYCRvclD_19mathematical_number8intervalNtB2_8Interval3sin
FN:131,_RNvMNtCs4n0aYCRvclD_19mathematical_number8intervalNtB2_8Interval3sub
FN:223,_RNvMNtCs4n0aYCRvclD_19mathematical_number8intervalNtB2_8Interval4atan
FN:77,_RNvMNtCs4n0aYCRvclD_19mathematical_number8intervalNtB2_8Interval5width
FN:81,_RNvMNtCs4n0aYCRvclD_19mathematical_number8intervalNtB2_8Interval8midpoint
FN:229,_RNvNtCs4n0aYCRvclD_19mathematical_number8interval10widen_down
FN:237,_RNvNtCs4n0aYCRvclD_19mathematical_number8interval8widen_up
FN:73,_RNvMNtCs4n0aYCRvclD_19mathematical_number8intervalNtB2_8Interval13contains_zero
FN:31,_RNvMNtCs4n0aYCRvclD_19mathematical_number8intervalNtB2_8Interval13from_rational
FN:62,_RNvMNtCs4n0aYCRvclD_19mathematical_number8intervalNtB2_8Interval15f64_le_rational
FN:55,_RNvMNtCs4n0aYCRvclD_19mathematical_number8intervalNtB2_8Interval15rational_le_f64
FN:127,_RNvMNtCs4n0aYCRvclD_19mathematical_number8intervalNtB2_8Interval3add
FN:152,_RNvMNtCs4n0aYCRvclD_19mathematical_number8intervalNtB2_8Interval3div
FN:135,_RNvMNtCs4n0aYCRvclD_19mathematical_number8intervalNtB2_8Interval3mul
FN:15,_RNvMNtCs4n0aYCRvclD_19mathematical_number8intervalNtB2_8Interval3new
FN:108,_RNvMNtCs4n0aYCRvclD_19mathematical_number8intervalNtB2_8Interval4hull
FN:164,_RNvMNtCs4n0aYCRvclD_19mathematical_number8intervalNtB2_8Interval4powi
FN:86,_RNvMNtCs4n0aYCRvclD_19mathematical_number8intervalNtB2_8Interval4sign
FN:157,_RNvMNtCs4n0aYCRvclD_19mathematical_number8intervalNtB2_8Interval4sqrt
FN:20,_RNvMNtCs4n0aYCRvclD_19mathematical_number8intervalNtB2_8Interval5point
FN:142,_RNvMNtCs4n0aYCRvclD_19mathematical_number8intervalNtB2_8Interval5recip
FN:24,_RNvMNtCs4n0aYCRvclD_19mathematical_number8intervalNtB2_8Interval5whole
FN:69,_RNvMNtCs4n0aYCRvclD_19mathematical_number8intervalNtB2_8Interval8contains
FN:98,_RNvMNtCs4n0aYCRvclD_19mathematical_number8intervalNtB2_8Interval9intersect
FN:153,_RNCNvMNtCs4n0aYCRvclD_19mathematical_number8intervalNtB4_8Interval3div0B6_
FN:287,_RNvNtNtCs4n0aYCRvclD_19mathematical_number8interval5testss_14sign_detection
FN:294,_RNvNtNtCs4n0aYCRvclD_19mathematical_number8interval5testss_18hull_and_intersect
FN:263,_RNvNtNtCs4n0aYCRvclD_19mathematical_number8interval5testss_21arithmetic_hand_cases
FN:280,_RNvNtNtCs4n0aYCRvclD_19mathematical_number8interval5testss_24sqrt_of_negative_is_none
FN:304,_RNvNtNtCs4n0aYCRvclD_19mathematical_number8interval5testss_36powi_matches_repeated_multiplication
FN:252,_RNvNtNtCs4n0aYCRvclD_19mathematical_number8interval5testss_38from_rational_contains_the_exact_value
FN:273,_RNvNtNtCs4n0aYCRvclD_19mathematical_number8interval5testss_44division_by_zero_straddling_interval_is_none
FNDA:0,_RNvMNtCs4n0aYCRvclD_19mathematical_number8intervalNtB2_8Interval2ln
FNDA:0,_RNvMNtCs4n0aYCRvclD_19mathematical_number8intervalNtB2_8Interval3abs
FNDA:0,_RNvMNtCs4n0aYCRvclD_19mathematical_number8intervalNtB2_8Interval3cos
FNDA:0,_RNvMNtCs4n0aYCRvclD_19mathematical_number8intervalNtB2_8Interval3exp
FNDA:0,_RNvMNtCs4n0aYCRvclD_19mathematical_number8intervalNtB2_8Interval3neg
FNDA:0,_RNvMNtCs4n0aYCRvclD_19mathematical_number8intervalNtB2_8Interval3sin
FNDA:0,_RNvMNtCs4n0aYCRvclD_19mathematical_number8intervalNtB2_8Interval3sub
FNDA:0,_RNvMNtCs4n0aYCRvclD_19mathematical_number8intervalNtB2_8Interval4atan
FNDA:0,_RNvMNtCs4n0aYCRvclD_19mathematical_number8intervalNtB2_8Interval5width
FNDA:0,_RNvMNtCs4n0aYCRvclD_19mathematical_number8intervalNtB2_8Interval8midpoint
FNDA:0,_RNvNtCs4n0aYCRvclD_19mathematical_number8interval10widen_down
FNDA:0,_RNvNtCs4n0aYCRvclD_19mathematical_number8interval8widen_up
FNDA:1,_RNvMNtCs4n0aYCRvclD_19mathematical_number8intervalNtB2_8Interval13contains_zero
FNDA:1,_RNvMNtCs4n0aYCRvclD_19mathematical_number8intervalNtB2_8Interval13from_rational
FNDA:1,_RNvMNtCs4n0aYCRvclD_19mathematical_number8intervalNtB2_8Interval15f64_le_rational
FNDA:2,_RNvMNtCs4n0aYCRvclD_19mathematical_number8intervalNtB2_8Interval15rational_le_f64
FNDA:1,_RNvMNtCs4n0aYCRvclD_19mathematical_number8intervalNtB2_8Interval3add
FNDA:1,_RNvMNtCs4n0aYCRvclD_19mathematical_number8intervalNtB2_8Interval3div
FNDA:7,_RNvMNtCs4n0aYCRvclD_19mathematical_number8intervalNtB2_8Interval3mul
FNDA:10,_RNvMNtCs4n0aYCRvclD_19mathematical_number8intervalNtB2_8Interval3new
FNDA:1,_RNvMNtCs4n0aYCRvclD_19mathematical_number8intervalNtB2_8Interval4hull
FNDA:1,_RNvMNtCs4n0aYCRvclD_19mathematical_number8intervalNtB2_8Interval4powi
FNDA:3,_RNvMNtCs4n0aYCRvclD_19mathematical_number8intervalNtB2_8Interval4sign
FNDA:2,_RNvMNtCs4n0aYCRvclD_19mathematical_number8intervalNtB2_8Interval4sqrt
FNDA:7,_RNvMNtCs4n0aYCRvclD_19mathematical_number8intervalNtB2_8Interval5point
FNDA:1,_RNvMNtCs4n0aYCRvclD_19mathematical_number8intervalNtB2_8Interval5recip
FNDA:0,_RNvMNtCs4n0aYCRvclD_19mathematical_number8intervalNtB2_8Interval5whole
FNDA:5,_RNvMNtCs4n0aYCRvclD_19mathematical_number8intervalNtB2_8Interval8contains
FNDA:2,_RNvMNtCs4n0aYCRvclD_19mathematical_number8intervalNtB2_8Interval9intersect
FNDA:0,_RNCNvMNtCs4n0aYCRvclD_19mathematical_number8intervalNtB4_8Interval3div0B6_
FNDA:1,_RNvNtNtCs4n0aYCRvclD_19mathematical_number8interval5testss_14sign_detection
FNDA:1,_RNvNtNtCs4n0aYCRvclD_19mathematical_number8interval5testss_18hull_and_intersect
FNDA:1,_RNvNtNtCs4n0aYCRvclD_19mathematical_number8interval5testss_21arithmetic_hand_cases
FNDA:1,_RNvNtNtCs4n0aYCRvclD_19mathematical_number8interval5testss_24sqrt_of_negative_is_none
FNDA:1,_RNvNtNtCs4n0aYCRvclD_19mathematical_number8interval5testss_36powi_matches_repeated_multiplication
FNDA:1,_RNvNtNtCs4n0aYCRvclD_19mathematical_number8interval5testss_38from_rational_contains_the_exact_value
FNDA:1,_RNvNtNtCs4n0aYCRvclD_19mathematical_number8interval5testss_44division_by_zero_straddling_interval_is_none
FNF:37
FNH:23
DA:15,10
DA:16,10
DA:17,10
DA:18,10
DA:20,7
DA:21,7
DA:22,7
DA:24,0
DA:25,0
DA:26,0
DA:31,1
DA:32,1
DA:33,1
DA:34,0
DA:35,1
DA:36,1
DA:37,1
DA:40,1
DA:41,1
DA:42,1
DA:43,0
DA:44,0
DA:46,1
DA:47,2
DA:48,1
DA:49,1
DA:50,1
DA:52,1
DA:53,1
DA:55,2
DA:56,2
DA:57,2
DA:58,0
DA:60,2
DA:62,1
DA:63,1
DA:64,1
DA:65,0
DA:67,1
DA:69,5
DA:70,5
DA:71,5
DA:73,1
DA:74,1
DA:75,1
DA:77,0
DA:78,0
DA:79,0
DA:81,0
DA:82,0
DA:83,0
DA:86,3
DA:87,3
DA:88,1
DA:89,2
DA:90,1
DA:91,1
DA:92,0
DA:94,1
DA:96,3
DA:98,2
DA:99,2
DA:100,2
DA:101,2
DA:102,1
DA:104,1
DA:106,2
DA:108,1
DA:109,1
DA:110,1
DA:113,0
DA:114,0
DA:115,0
DA:117,0
DA:118,0
DA:119,0
DA:120,0
DA:121,0
DA:123,0
DA:125,0
DA:127,1
DA:128,1
DA:129,1
DA:131,0
DA:132,0
DA:133,0
DA:135,7
DA:136,7
DA:137,7
DA:138,7
DA:139,7
DA:140,7
DA:142,1
DA:143,1
DA:144,1
DA:145,0
DA:146,0
DA:147,0
DA:148,0
DA:149,0
DA:150,1
DA:152,1
DA:153,1
DA:154,1
DA:157,2
DA:158,2
DA:159,1
DA:160,1
DA:161,1
DA:162,2
DA:164,1
DA:165,1
DA:166,0
DA:167,1
DA:168,1
DA:169,0
DA:170,1
DA:171,1
DA:172,1
DA:173,1
DA:174,5
DA:175,4
DA:176,2
DA:177,2
DA:178,4
DA:179,4
DA:181,1
DA:182,1
DA:189,0
DA:190,0
DA:191,0
DA:194,0
DA:195,0
DA:196,0
DA:197,0
DA:198,0
DA:199,0
DA:200,0
DA:203,0
DA:204,0
DA:205,0
DA:206,0
DA:207,0
DA:208,0
DA:209,0
DA:210,0
DA:211,0
DA:213,0
DA:214,0
DA:215,0
DA:216,0
DA:217,0
DA:218,0
DA:219,0
DA:220,0
DA:221,0
DA:223,0
DA:224,0
DA:225,0
DA:229,0
DA:230,0
DA:231,0
DA:232,0
DA:233,0
DA:234,0
DA:235,0
DA:237,0
DA:238,0
DA:239,0
DA:240,0
DA:241,0
DA:242,0
DA:243,0
DA:252,1
DA:253,1
DA:254,1
DA:255,1
DA:257,1
DA:258,1
DA:259,1
DA:260,1
DA:263,1
DA:264,1
DA:265,1
DA:266,1
DA:267,1
DA:268,1
DA:269,1
DA:270,1
DA:273,1
DA:274,1
DA:275,1
DA:276,1
DA:277,1
DA:280,1
DA:281,1
DA:282,1
DA:283,1
DA:284,1
DA:287,1
DA:288,1
DA:289,1
DA:290,1
DA:291,1
DA:294,1
DA:295,1
DA:296,1
DA:297,1
DA:298,1
DA:299,1
DA:300,1
DA:301,1
DA:304,1
DA:305,1
DA:306,1
DA:307,1
DA:308,1
BRF:0
BRH:0
LF:218
LH:137
end_of_record
SF:/Users/ueli/Documents/semio/mathematical/number/rs/src/modular.rs
FN:183,_RNvNtCs4n0aYCRvclD_19mathematical_number7modular14primitive_root
FN:166,_RNvNtCs4n0aYCRvclD_19mathematical_number7modular20multiplicative_order
FN:156,_RNvNtCs4n0aYCRvclD_19mathematical_number7modular3crt
FN:285,_RNvXs1_NtCs4n0aYCRvclD_19mathematical_number7modularNtB5_6ModIntNtNtB7_6traits14IntegralDomain9exact_div
FN:290,_RNvXs2_NtCs4n0aYCRvclD_19mathematical_number7modularNtB5_6ModIntNtNtB7_6traits9GcdDomain3gcd
FN:295,_RNvXs3_NtCs4n0aYCRvclD_19mathematical_number7modularNtB5_6ModIntNtNtB7_6traits15EuclideanDomain7div_rem
FN:279,_RNvXs_NtCs4n0aYCRvclD_19mathematical_number7modularNtB4_6ModIntNtNtB6_6traits4Ring14characteristic
FN:256,_RNvXs_NtCs4n0aYCRvclD_19mathematical_number7modularNtB4_6ModIntNtNtB6_6traits4Ring3neg
FN:245,_RNvXs_NtCs4n0aYCRvclD_19mathematical_number7modularNtB4_6ModIntNtNtB6_6traits4Ring3one
FN:273,_RNvXs_NtCs4n0aYCRvclD_19mathematical_number7modularNtB4_6ModIntNtNtB6_6traits4Ring7is_zero
FN:276,_RNvXs_NtCs4n0aYCRvclD_19mathematical_number7modularNtB4_6ModIntNtNtB6_6traits4Ring8from_i64
FN:387,_RNCNvNtNtNtCs4n0aYCRvclD_19mathematical_number7modular5tests5quicks_58sqrt_mod_matches_brute_force_for_all_residues_small_primes0B9_
FN:384,_RNvNtNtNtCs4n0aYCRvclD_19mathematical_number7modular5tests5quicks_58sqrt_mod_matches_brute_force_for_all_residues_small_primes
FN:307,_RNCNvXs4_NtCs4n0aYCRvclD_19mathematical_number7modularNtB7_6ModIntNtNtB9_6traits5Field3inv0B9_
FN:338,_RNvNtNtCs4n0aYCRvclD_19mathematical_number7modular5testss_17jacobi_hand_cases
FN:325,_RNvNtNtCs4n0aYCRvclD_19mathematical_number7modular5testss_18mod_pow_hand_cases
FN:345,_RNvNtNtCs4n0aYCRvclD_19mathematical_number7modular5testss_19sqrt_mod_hand_cases
FN:331,_RNvNtNtCs4n0aYCRvclD_19mathematical_number7modular5testss_22mod_inv_matches_bezout
FN:362,_RNvNtNtCs4n0aYCRvclD_19mathematical_number7modular5testss_23modint_field_operations
FN:318,_RNvNtNtCs4n0aYCRvclD_19mathematical_number7modular5testss_26mod_add_sub_mul_hand_cases
FN:354,_RNvNtNtCs4n0aYCRvclD_19mathematical_number7modular5testss_28crt_pair_matches_congruences
FN:371,_RNvNtNtCs4n0aYCRvclD_19mathematical_number7modular5testss_43modint_unbound_zero_unifies_with_bound_side
FN:216,_RNvMNtCs4n0aYCRvclD_19mathematical_number7modularNtB2_6ModInt3new
FN:229,_RNvMNtCs4n0aYCRvclD_19mathematical_number7modularNtB2_6ModInt5unify
FN:221,_RNvMNtCs4n0aYCRvclD_19mathematical_number7modularNtB2_6ModInt5value
FN:225,_RNvMNtCs4n0aYCRvclD_19mathematical_number7modularNtB2_6ModInt7modulus
FN:88,_RNvNtCs4n0aYCRvclD_19mathematical_number7modular20is_quadratic_residue
FN:62,_RNvNtCs4n0aYCRvclD_19mathematical_number7modular6jacobi
FN:7,_RNvNtCs4n0aYCRvclD_19mathematical_number7modular7mod_add
FN:43,_RNvNtCs4n0aYCRvclD_19mathematical_number7modular7mod_inv
FN:21,_RNvNtCs4n0aYCRvclD_19mathematical_number7modular7mod_mul
FN:25,_RNvNtCs4n0aYCRvclD_19mathematical_number7modular7mod_pow
FN:11,_RNvNtCs4n0aYCRvclD_19mathematical_number7modular7mod_sub
FN:148,_RNvNtCs4n0aYCRvclD_19mathematical_number7modular8crt_pair
FN:96,_RNvNtCs4n0aYCRvclD_19mathematical_number7modular8sqrt_mod
FN:303,_RNvXs4_NtCs4n0aYCRvclD_19mathematical_number7modularNtB5_6ModIntNtNtB7_6traits5Field3inv
FN:248,_RNvXs_NtCs4n0aYCRvclD_19mathematical_number7modularNtB4_6ModIntNtNtB6_6traits4Ring3add
FN:265,_RNvXs_NtCs4n0aYCRvclD_19mathematical_number7modularNtB4_6ModIntNtNtB6_6traits4Ring3mul
FN:242,_RNvXs_NtCs4n0aYCRvclD_19mathematical_number7modularNtB4_6ModIntNtNtB6_6traits4Ring4zero
FNDA:0,_RNvNtCs4n0aYCRvclD_19mathematical_number7modular14primitive_root
FNDA:0,_RNvNtCs4n0aYCRvclD_19mathematical_number7modular20multiplicative_order
FNDA:0,_RNvNtCs4n0aYCRvclD_19mathematical_number7modular3crt
FNDA:0,_RNvXs1_NtCs4n0aYCRvclD_19mathematical_number7modularNtB5_6ModIntNtNtB7_6traits14IntegralDomain9exact_div
FNDA:0,_RNvXs2_NtCs4n0aYCRvclD_19mathematical_number7modularNtB5_6ModIntNtNtB7_6traits9GcdDomain3gcd
FNDA:0,_RNvXs3_NtCs4n0aYCRvclD_19mathematical_number7modularNtB5_6ModIntNtNtB7_6traits15EuclideanDomain7div_rem
FNDA:0,_RNvXs_NtCs4n0aYCRvclD_19mathematical_number7modularNtB4_6ModIntNtNtB6_6traits4Ring14characteristic
FNDA:0,_RNvXs_NtCs4n0aYCRvclD_19mathematical_number7modularNtB4_6ModIntNtNtB6_6traits4Ring3neg
FNDA:0,_RNvXs_NtCs4n0aYCRvclD_19mathematical_number7modularNtB4_6ModIntNtNtB6_6traits4Ring3one
FNDA:0,_RNvXs_NtCs4n0aYCRvclD_19mathematical_number7modularNtB4_6ModIntNtNtB6_6traits4Ring7is_zero
FNDA:0,_RNvXs_NtCs4n0aYCRvclD_19mathematical_number7modularNtB4_6ModIntNtNtB6_6traits4Ring8from_i64
FNDA:1499,_RNCNvNtNtNtCs4n0aYCRvclD_19mathematical_number7modular5tests5quicks_58sqrt_mod_matches_brute_force_for_all_residues_small_primes0B9_
FNDA:1,_RNvNtNtNtCs4n0aYCRvclD_19mathematical_number7modular5tests5quicks_58sqrt_mod_matches_brute_force_for_all_residues_small_primes
FNDA:1,_RNCNvXs4_NtCs4n0aYCRvclD_19mathematical_number7modularNtB7_6ModIntNtNtB9_6traits5Field3inv0B9_
FNDA:1,_RNvNtNtCs4n0aYCRvclD_19mathematical_number7modular5testss_17jacobi_hand_cases
FNDA:1,_RNvNtNtCs4n0aYCRvclD_19mathematical_number7modular5testss_18mod_pow_hand_cases
FNDA:1,_RNvNtNtCs4n0aYCRvclD_19mathematical_number7modular5testss_19sqrt_mod_hand_cases
FNDA:1,_RNvNtNtCs4n0aYCRvclD_19mathematical_number7modular5testss_22mod_inv_matches_bezout
FNDA:1,_RNvNtNtCs4n0aYCRvclD_19mathematical_number7modular5testss_23modint_field_operations
FNDA:1,_RNvNtNtCs4n0aYCRvclD_19mathematical_number7modular5testss_26mod_add_sub_mul_hand_cases
FNDA:1,_RNvNtNtCs4n0aYCRvclD_19mathematical_number7modular5testss_28crt_pair_matches_congruences
FNDA:1,_RNvNtNtCs4n0aYCRvclD_19mathematical_number7modular5testss_43modint_unbound_zero_unifies_with_bound_side
FNDA:3,_RNvMNtCs4n0aYCRvclD_19mathematical_number7modularNtB2_6ModInt3new
FNDA:3,_RNvMNtCs4n0aYCRvclD_19mathematical_number7modularNtB2_6ModInt5unify
FNDA:3,_RNvMNtCs4n0aYCRvclD_19mathematical_number7modularNtB2_6ModInt5value
FNDA:1,_RNvMNtCs4n0aYCRvclD_19mathematical_number7modularNtB2_6ModInt7modulus
FNDA:159,_RNvNtCs4n0aYCRvclD_19mathematical_number7modular20is_quadratic_residue
FNDA:3,_RNvNtCs4n0aYCRvclD_19mathematical_number7modular6jacobi
FNDA:3,_RNvNtCs4n0aYCRvclD_19mathematical_number7modular7mod_add
FNDA:4,_RNvNtCs4n0aYCRvclD_19mathematical_number7modular7mod_inv
FNDA:36783,_RNvNtCs4n0aYCRvclD_19mathematical_number7modular7mod_mul
FNDA:3153,_RNvNtCs4n0aYCRvclD_19mathematical_number7modular7mod_pow
FNDA:1,_RNvNtCs4n0aYCRvclD_19mathematical_number7modular7mod_sub
FNDA:1,_RNvNtCs4n0aYCRvclD_19mathematical_number7modular8crt_pair
FNDA:129,_RNvNtCs4n0aYCRvclD_19mathematical_number7modular8sqrt_mod
FNDA:1,_RNvXs4_NtCs4n0aYCRvclD_19mathematical_number7modularNtB5_6ModIntNtNtB7_6traits5Field3inv
FNDA:2,_RNvXs_NtCs4n0aYCRvclD_19mathematical_number7modularNtB4_6ModIntNtNtB6_6traits4Ring3add
FNDA:1,_RNvXs_NtCs4n0aYCRvclD_19mathematical_number7modularNtB4_6ModIntNtNtB6_6traits4Ring3mul
FNDA:1,_RNvXs_NtCs4n0aYCRvclD_19mathematical_number7modularNtB4_6ModIntNtNtB6_6traits4Ring4zero
FNF:39
FNH:28
DA:7,3
DA:8,3
DA:9,3
DA:11,1
DA:12,1
DA:13,1
DA:14,1
DA:15,0
DA:17,1
DA:19,1
DA:21,36783
DA:22,36783
DA:23,36783
DA:25,3153
DA:26,3153
DA:27,0
DA:28,3153
DA:29,3153
DA:30,3153
DA:31,3153
DA:32,23492
DA:33,20339
DA:34,12663
DA:35,12663
DA:36,20339
DA:37,20339
DA:39,3153
DA:40,3153
DA:43,4
DA:44,4
DA:45,0
DA:46,4
DA:47,4
DA:48,4
DA:49,18
DA:50,14
DA:51,14
DA:52,14
DA:53,14
DA:54,4
DA:55,1
DA:56,3
DA:57,3
DA:58,3
DA:59,4
DA:62,3
DA:63,3
DA:64,3
DA:65,3
DA:66,3
DA:67,14
DA:68,19
DA:69,8
DA:70,8
DA:71,8
DA:72,7
DA:73,7
DA:75,11
DA:76,11
DA:77,1
DA:78,10
DA:79,11
DA:81,3
DA:82,3
DA:84,0
DA:86,3
DA:88,159
DA:89,159
DA:90,0
DA:91,159
DA:92,159
DA:93,159
DA:96,129
DA:97,129
DA:98,129
DA:99,9
DA:100,120
DA:101,120
DA:102,0
DA:103,120
DA:104,120
DA:105,60
DA:106,60
DA:107,60
DA:108,29
DA:109,31
DA:111,31
DA:112,31
DA:113,109
DA:114,78
DA:115,78
DA:116,78
DA:118,31
DA:119,39
DA:120,8
DA:121,8
DA:122,31
DA:123,31
DA:124,31
DA:125,31
DA:127,55
DA:128,31
DA:129,24
DA:130,24
DA:131,24
DA:132,60
DA:133,36
DA:134,36
DA:135,36
DA:136,0
DA:137,36
DA:139,24
DA:140,24
DA:141,24
DA:142,24
DA:143,24
DA:145,129
DA:148,1
DA:149,1
DA:150,1
DA:151,1
DA:152,1
DA:153,1
DA:154,1
DA:156,0
DA:157,0
DA:158,0
DA:159,0
DA:160,0
DA:162,0
DA:163,0
DA:166,0
DA:167,0
DA:168,0
DA:169,0
DA:170,0
DA:171,0
DA:172,0
DA:173,0
DA:174,0
DA:175,0
DA:176,0
DA:178,0
DA:179,0
DA:183,0
DA:184,0
DA:185,0
DA:186,0
DA:187,0
DA:188,0
DA:189,0
DA:190,0
DA:191,0
DA:192,0
DA:193,0
DA:194,0
DA:195,0
DA:196,0
DA:198,0
DA:200,0
DA:201,0
DA:216,3
DA:217,3
DA:218,3
DA:219,3
DA:221,3
DA:222,3
DA:223,3
DA:225,1
DA:226,1
DA:227,1
DA:229,3
DA:230,3
DA:231,0
DA:232,3
DA:233,1
DA:235,2
DA:236,2
DA:238,3
DA:242,1
DA:243,1
DA:244,1
DA:245,0
DA:246,0
DA:247,0
DA:248,2
DA:249,2
DA:250,2
DA:251,0
DA:253,2
DA:255,2
DA:256,0
DA:257,0
DA:258,0
DA:259,0
DA:260,0
DA:262,0
DA:264,0
DA:265,1
DA:266,1
DA:267,1
DA:268,0
DA:270,1
DA:272,1
DA:273,0
DA:274,0
DA:275,0
DA:276,0
DA:277,0
DA:278,0
DA:279,0
DA:280,0
DA:281,0
DA:285,0
DA:286,0
DA:287,0
DA:290,0
DA:291,0
DA:292,0
DA:295,0
DA:296,0
DA:297,0
DA:303,1
DA:304,1
DA:305,0
DA:306,1
DA:307,1
DA:308,1
DA:318,1
DA:319,1
DA:320,1
DA:321,1
DA:322,1
DA:325,1
DA:326,1
DA:327,1
DA:328,1
DA:331,1
DA:332,1
DA:333,1
DA:334,1
DA:335,1
DA:338,1
DA:339,1
DA:340,1
DA:341,1
DA:342,1
DA:345,1
DA:347,1
DA:348,1
DA:350,1
DA:351,1
DA:354,1
DA:355,1
DA:356,1
DA:357,1
DA:358,1
DA:359,1
DA:362,1
DA:363,1
DA:364,1
DA:365,1
DA:366,1
DA:367,1
DA:368,1
DA:371,1
DA:372,1
DA:373,1
DA:374,1
DA:375,1
DA:376,1
DA:377,1
DA:384,1
DA:385,9
DA:386,127
DA:387,1499
DA:388,127
DA:389,127
DA:390,68
DA:391,59
DA:392,0
DA:396,1
BRF:0
BRH:0
LF:284
LH:207
end_of_record
SF:/Users/ueli/Documents/semio/mathematical/number/rs/src/natural.rs
FN:144,_RNCNvMNtCs4n0aYCRvclD_19mathematical_number7naturalNtB4_7Natural5bitor0B6_
FN:139,_RNCNvMNtCs4n0aYCRvclD_19mathematical_number7naturalNtB4_7Natural6bitand0B6_
FN:149,_RNCNvMNtCs4n0aYCRvclD_19mathematical_number7naturalNtB4_7Natural6bitxor0B6_
FN:142,_RNvMNtCs4n0aYCRvclD_19mathematical_number7naturalNtB2_7Natural5bitor
FN:137,_RNvMNtCs4n0aYCRvclD_19mathematical_number7naturalNtB2_7Natural6bitand
FN:147,_RNvMNtCs4n0aYCRvclD_19mathematical_number7naturalNtB2_7Natural6bitxor
FN:67,_RNvMNtCs4n0aYCRvclD_19mathematical_number7naturalNtB2_7Natural8limb_len
FN:40,_RNvMNtCs4n0aYCRvclD_19mathematical_number7naturalNtB2_7Natural9from_u128
FN:565,_RNvXs3_NtCs4n0aYCRvclD_19mathematical_number7naturalNtB5_7NaturalINtNtCsh3XdwJDMWoV_4core7convert4FromoE4from
FN:529,_RNvXs_NtCs4n0aYCRvclD_19mathematical_number7naturalNtB4_7NaturalNtNtCsh3XdwJDMWoV_4core3fmt7Display3fmt
FN:556,_RNvXsb_NtCs4n0aYCRvclD_19mathematical_number7naturalNtB5_7NaturalINtNtCsh3XdwJDMWoV_4core7convert4FromhE4from
FN:556,_RNvXsc_NtCs4n0aYCRvclD_19mathematical_number7naturalNtB5_7NaturalINtNtCsh3XdwJDMWoV_4core7convert4FromtE4from
FN:556,_RNvXsd_NtCs4n0aYCRvclD_19mathematical_number7naturalNtB5_7NaturalINtNtCsh3XdwJDMWoV_4core7convert4FrommE4from
FN:556,_RNvXse_NtCs4n0aYCRvclD_19mathematical_number7naturalNtB5_7NaturalINtNtCsh3XdwJDMWoV_4core7convert4FromyE4from
FN:556,_RNvXsf_NtCs4n0aYCRvclD_19mathematical_number7naturalNtB5_7NaturalINtNtCsh3XdwJDMWoV_4core7convert4FromjE4from
FN:72,_RNvMNtCs4n0aYCRvclD_19mathematical_number7naturalNtB2_7Natural10bit_length
FN:483,_RNvMNtCs4n0aYCRvclD_19mathematical_number7naturalNtB2_7Natural10to_decimal
FN:173,_RNvMNtCs4n0aYCRvclD_19mathematical_number7naturalNtB2_7Natural11checked_sub
FN:311,_RNvMNtCs4n0aYCRvclD_19mathematical_number7naturalNtB2_7Natural11div_rem_u64
FN:257,_RNvMNtCs4n0aYCRvclD_19mathematical_number7naturalNtB2_7Natural13add_at_offset
FN:225,_RNvMNtCs4n0aYCRvclD_19mathematical_number7naturalNtB2_7Natural13mul_karatsuba
FN:512,_RNvMNtCs4n0aYCRvclD_19mathematical_number7naturalNtB2_7Natural14from_str_radix
FN:196,_RNvMNtCs4n0aYCRvclD_19mathematical_number7naturalNtB2_7Natural14mul_schoolbook
FN:123,_RNvMNtCs4n0aYCRvclD_19mathematical_number7naturalNtB2_7Natural14trailing_zeros
FN:287,_RNvMNtCs4n0aYCRvclD_19mathematical_number7naturalNtB2_7Natural18mul_schoolbook_pub
FN:154,_RNvMNtCs4n0aYCRvclD_19mathematical_number7naturalNtB2_7Natural3add
FN:79,_RNvMNtCs4n0aYCRvclD_19mathematical_number7naturalNtB2_7Natural3bit
FN:457,_RNvMNtCs4n0aYCRvclD_19mathematical_number7naturalNtB2_7Natural3gcd
FN:280,_RNvMNtCs4n0aYCRvclD_19mathematical_number7naturalNtB2_7Natural3mul
FN:28,_RNvMNtCs4n0aYCRvclD_19mathematical_number7naturalNtB2_7Natural3one
FN:402,_RNvMNtCs4n0aYCRvclD_19mathematical_number7naturalNtB2_7Natural3pow
FN:88,_RNvMNtCs4n0aYCRvclD_19mathematical_number7naturalNtB2_7Natural3shl
FN:107,_RNvMNtCs4n0aYCRvclD_19mathematical_number7naturalNtB2_7Natural3shr
FN:24,_RNvMNtCs4n0aYCRvclD_19mathematical_number7naturalNtB2_7Natural4zero
FN:418,_RNvMNtCs4n0aYCRvclD_19mathematical_number7naturalNtB2_7Natural5isqrt
FN:63,_RNvMNtCs4n0aYCRvclD_19mathematical_number7naturalNtB2_7Natural5limbs
FN:501,_RNvMNtCs4n0aYCRvclD_19mathematical_number7naturalNtB2_7Natural6to_hex
FN:46,_RNvMNtCs4n0aYCRvclD_19mathematical_number7naturalNtB2_7Natural6to_u64
FN:327,_RNvMNtCs4n0aYCRvclD_19mathematical_number7naturalNtB2_7Natural7div_rem
FN:32,_RNvMNtCs4n0aYCRvclD_19mathematical_number7naturalNtB2_7Natural7is_zero
FN:291,_RNvMNtCs4n0aYCRvclD_19mathematical_number7naturalNtB2_7Natural7mul_u64
FN:54,_RNvMNtCs4n0aYCRvclD_19mathematical_number7naturalNtB2_7Natural7to_u128
FN:36,_RNvMNtCs4n0aYCRvclD_19mathematical_number7naturalNtB2_7Natural8from_u64
FN:423,_RNvMNtCs4n0aYCRvclD_19mathematical_number7naturalNtB2_7Natural8nth_root
FN:17,_RNvMNtCs4n0aYCRvclD_19mathematical_number7naturalNtB2_7Natural9normalize
FN:536,_RNvXs0_NtCs4n0aYCRvclD_19mathematical_number7naturalNtB5_7NaturalNtNtNtCsh3XdwJDMWoV_4core3str6traits7FromStr8from_str
FN:542,_RNvXs1_NtCs4n0aYCRvclD_19mathematical_number7naturalNtB5_7NaturalNtNtCsh3XdwJDMWoV_4core3cmp3Ord3cmp
FN:548,_RNvXs2_NtCs4n0aYCRvclD_19mathematical_number7naturalNtB5_7NaturalNtNtCsh3XdwJDMWoV_4core3cmp10PartialOrd11partial_cmp
FN:785,_RNvNtNtNtCs4n0aYCRvclD_19mathematical_number7natural5tests10exhaustives_27stress_16384_bit_operations
FN:577,_RNvNtNtCs4n0aYCRvclD_19mathematical_number7natural5tests1n
FN:649,_RNvNtNtCs4n0aYCRvclD_19mathematical_number7natural5testss_13hex_roundtrip
FN:589,_RNvNtNtCs4n0aYCRvclD_19mathematical_number7natural5testss_15zero_roundtrips
FN:664,_RNvNtNtCs4n0aYCRvclD_19mathematical_number7natural5testss_17shl_shr_roundtrip
FN:595,_RNvNtNtCs4n0aYCRvclD_19mathematical_number7natural5testss_21add_matches_hand_case
FN:606,_RNvNtNtCs4n0aYCRvclD_19mathematical_number7natural5testss_21mul_matches_hand_case
FN:583,_RNvNtNtCs4n0aYCRvclD_19mathematical_number7natural5testss_24decimal_string_roundtrip
FN:656,_RNvNtNtCs4n0aYCRvclD_19mathematical_number7natural5testss_25bit_length_and_bit_access
FN:670,_RNvNtNtCs4n0aYCRvclD_19mathematical_number7natural5testss_25ord_compares_by_magnitude
FN:627,_RNvNtNtCs4n0aYCRvclD_19mathematical_number7natural5testss_27isqrt_matches_known_squares
FN:611,_RNvNtNtCs4n0aYCRvclD_19mathematical_number7natural5testss_28div_rem_self_check_invariant
FN:635,_RNvNtNtCs4n0aYCRvclD_19mathematical_number7natural5testss_28nth_root_matches_known_cubes
FN:642,_RNvNtNtCs4n0aYCRvclD_19mathematical_number7natural5testss_29gcd_matches_euclid_hand_cases
FN:620,_RNvNtNtCs4n0aYCRvclD_19mathematical_number7natural5testss_40div_rem_by_larger_value_is_zero_quotient
FN:600,_RNvNtNtCs4n0aYCRvclD_19mathematical_number7natural5testss_50checked_sub_matches_hand_case_and_rejects_negative
FN:755,_RNCNvNtNtNtCs4n0aYCRvclD_19mathematical_number7natural5tests4longs_27stress_4096_bit_mul_div_gcd0B9_
FN:764,_RNCNvNtNtNtCs4n0aYCRvclD_19mathematical_number7natural5tests4longs_27stress_4096_bit_mul_div_gcds0_0B9_
FN:763,_RNCNvNtNtNtCs4n0aYCRvclD_19mathematical_number7natural5tests4longs_27stress_4096_bit_mul_div_gcds_0B9_
FN:244,_RNCNvMNtCs4n0aYCRvclD_19mathematical_number7naturalNtB4_7Natural13mul_karatsuba0B6_
FN:543,_RNCNvXs1_NtCs4n0aYCRvclD_19mathematical_number7naturalNtB7_7NaturalNtNtCsh3XdwJDMWoV_4core3cmp3Ord3cmp0B9_
FN:705,_RNCNvNtNtNtCs4n0aYCRvclD_19mathematical_number7natural5tests5quicks_40div_rem_invariant_holds_on_random_shapes0B9_
FN:715,_RNCNvNtNtNtCs4n0aYCRvclD_19mathematical_number7natural5tests5quicks_40div_rem_invariant_holds_on_random_shapess0_0B9_
FN:714,_RNCNvNtNtNtCs4n0aYCRvclD_19mathematical_number7natural5tests5quicks_40div_rem_invariant_holds_on_random_shapess_0B9_
FN:684,_RNCNvNtNtNtCs4n0aYCRvclD_19mathematical_number7natural5tests5quicks_45karatsuba_matches_schoolbook_across_threshold0B9_
FN:693,_RNCNvNtNtNtCs4n0aYCRvclD_19mathematical_number7natural5tests5quicks_45karatsuba_matches_schoolbook_across_thresholds0_0B9_
FN:692,_RNCNvNtNtNtCs4n0aYCRvclD_19mathematical_number7natural5tests5quicks_45karatsuba_matches_schoolbook_across_thresholds_0B9_
FN:787,_RNCNvNtNtNtCs4n0aYCRvclD_19mathematical_number7natural5tests10exhaustives_27stress_16384_bit_operations0B9_
FN:796,_RNCNvNtNtNtCs4n0aYCRvclD_19mathematical_number7natural5tests10exhaustives_27stress_16384_bit_operationss0_0B9_
FN:795,_RNCNvNtNtNtCs4n0aYCRvclD_19mathematical_number7natural5tests10exhaustives_27stress_16384_bit_operationss_0B9_
FN:703,_RNvNtNtNtCs4n0aYCRvclD_19mathematical_number7natural5tests5quicks_40div_rem_invariant_holds_on_random_shapes
FN:682,_RNvNtNtNtCs4n0aYCRvclD_19mathematical_number7natural5tests5quicks_45karatsuba_matches_schoolbook_across_threshold
FN:726,_RNvNtNtNtCs4n0aYCRvclD_19mathematical_number7natural5tests5quicks_48div_rem_add_back_branch_is_exercised_and_correct
FN:737,_RNvNtNtNtCs4n0aYCRvclD_19mathematical_number7natural5tests5quicks_48sieve_like_isqrt_matches_f64_for_moderate_values
FN:753,_RNvNtNtNtCs4n0aYCRvclD_19mathematical_number7natural5tests4longs_27stress_4096_bit_mul_div_gcd
FNDA:0,_RNCNvMNtCs4n0aYCRvclD_19mathematical_number7naturalNtB4_7Natural5bitor0B6_
FNDA:0,_RNCNvMNtCs4n0aYCRvclD_19mathematical_number7naturalNtB4_7Natural6bitand0B6_
FNDA:0,_RNCNvMNtCs4n0aYCRvclD_19mathematical_number7naturalNtB4_7Natural6bitxor0B6_
FNDA:0,_RNvMNtCs4n0aYCRvclD_19mathematical_number7naturalNtB2_7Natural5bitor
FNDA:0,_RNvMNtCs4n0aYCRvclD_19mathematical_number7naturalNtB2_7Natural6bitand
FNDA:0,_RNvMNtCs4n0aYCRvclD_19mathematical_number7naturalNtB2_7Natural6bitxor
FNDA:0,_RNvMNtCs4n0aYCRvclD_19mathematical_number7naturalNtB2_7Natural8limb_len
FNDA:0,_RNvMNtCs4n0aYCRvclD_19mathematical_number7naturalNtB2_7Natural9from_u128
FNDA:0,_RNvXs3_NtCs4n0aYCRvclD_19mathematical_number7naturalNtB5_7NaturalINtNtCsh3XdwJDMWoV_4core7convert4FromoE4from
FNDA:0,_RNvXs_NtCs4n0aYCRvclD_19mathematical_number7naturalNtB4_7NaturalNtNtCsh3XdwJDMWoV_4core3fmt7Display3fmt
FNDA:0,_RNvXsb_NtCs4n0aYCRvclD_19mathematical_number7naturalNtB5_7NaturalINtNtCsh3XdwJDMWoV_4core7convert4FromhE4from
FNDA:0,_RNvXsc_NtCs4n0aYCRvclD_19mathematical_number7naturalNtB5_7NaturalINtNtCsh3XdwJDMWoV_4core7convert4FromtE4from
FNDA:0,_RNvXsd_NtCs4n0aYCRvclD_19mathematical_number7naturalNtB5_7NaturalINtNtCsh3XdwJDMWoV_4core7convert4FrommE4from
FNDA:0,_RNvXse_NtCs4n0aYCRvclD_19mathematical_number7naturalNtB5_7NaturalINtNtCsh3XdwJDMWoV_4core7convert4FromyE4from
FNDA:0,_RNvXsf_NtCs4n0aYCRvclD_19mathematical_number7naturalNtB5_7NaturalINtNtCsh3XdwJDMWoV_4core7convert4FromjE4from
FNDA:83,_RNvMNtCs4n0aYCRvclD_19mathematical_number7naturalNtB2_7Natural10bit_length
FNDA:9,_RNvMNtCs4n0aYCRvclD_19mathematical_number7naturalNtB2_7Natural10to_decimal
FNDA:903,_RNvMNtCs4n0aYCRvclD_19mathematical_number7naturalNtB2_7Natural11checked_sub
FNDA:198,_RNvMNtCs4n0aYCRvclD_19mathematical_number7naturalNtB2_7Natural11div_rem_u64
FNDA:8,_RNvMNtCs4n0aYCRvclD_19mathematical_number7naturalNtB2_7Natural13add_at_offset
FNDA:11463,_RNvMNtCs4n0aYCRvclD_19mathematical_number7naturalNtB2_7Natural13mul_karatsuba
FNDA:136,_RNvMNtCs4n0aYCRvclD_19mathematical_number7naturalNtB2_7Natural14from_str_radix
FNDA:11467,_RNvMNtCs4n0aYCRvclD_19mathematical_number7naturalNtB2_7Natural14mul_schoolbook
FNDA:1073,_RNvMNtCs4n0aYCRvclD_19mathematical_number7naturalNtB2_7Natural14trailing_zeros
FNDA:8,_RNvMNtCs4n0aYCRvclD_19mathematical_number7naturalNtB2_7Natural18mul_schoolbook_pub
FNDA:807,_RNvMNtCs4n0aYCRvclD_19mathematical_number7naturalNtB2_7Natural3add
FNDA:5383,_RNvMNtCs4n0aYCRvclD_19mathematical_number7naturalNtB2_7Natural3bit
FNDA:87,_RNvMNtCs4n0aYCRvclD_19mathematical_number7naturalNtB2_7Natural3gcd
FNDA:11451,_RNvMNtCs4n0aYCRvclD_19mathematical_number7naturalNtB2_7Natural3mul
FNDA:301,_RNvMNtCs4n0aYCRvclD_19mathematical_number7naturalNtB2_7Natural3one
FNDA:67,_RNvMNtCs4n0aYCRvclD_19mathematical_number7naturalNtB2_7Natural3pow
FNDA:20581,_RNvMNtCs4n0aYCRvclD_19mathematical_number7naturalNtB2_7Natural3shl
FNDA:11298,_RNvMNtCs4n0aYCRvclD_19mathematical_number7naturalNtB2_7Natural3shr
FNDA:652,_RNvMNtCs4n0aYCRvclD_19mathematical_number7naturalNtB2_7Natural4zero
FNDA:10,_RNvMNtCs4n0aYCRvclD_19mathematical_number7naturalNtB2_7Natural5isqrt
FNDA:2,_RNvMNtCs4n0aYCRvclD_19mathematical_number7naturalNtB2_7Natural5limbs
FNDA:1,_RNvMNtCs4n0aYCRvclD_19mathematical_number7naturalNtB2_7Natural6to_hex
FNDA:209,_RNvMNtCs4n0aYCRvclD_19mathematical_number7naturalNtB2_7Natural6to_u64
FNDA:10898,_RNvMNtCs4n0aYCRvclD_19mathematical_number7naturalNtB2_7Natural7div_rem
FNDA:34837,_RNvMNtCs4n0aYCRvclD_19mathematical_number7naturalNtB2_7Natural7is_zero
FNDA:82,_RNvMNtCs4n0aYCRvclD_19mathematical_number7naturalNtB2_7Natural7mul_u64
FNDA:13,_RNvMNtCs4n0aYCRvclD_19mathematical_number7naturalNtB2_7Natural7to_u128
FNDA:1130,_RNvMNtCs4n0aYCRvclD_19mathematical_number7naturalNtB2_7Natural8from_u64
FNDA:14,_RNvMNtCs4n0aYCRvclD_19mathematical_number7naturalNtB2_7Natural8nth_root
FNDA:67058,_RNvMNtCs4n0aYCRvclD_19mathematical_number7naturalNtB2_7Natural9normalize
FNDA:49,_RNvXs0_NtCs4n0aYCRvclD_19mathematical_number7naturalNtB5_7NaturalNtNtNtCsh3XdwJDMWoV_4core3str6traits7FromStr8from_str
FNDA:12938,_RNvXs1_NtCs4n0aYCRvclD_19mathematical_number7naturalNtB5_7NaturalNtNtCsh3XdwJDMWoV_4core3cmp3Ord3cmp
FNDA:12931,_RNvXs2_NtCs4n0aYCRvclD_19mathematical_number7naturalNtB5_7NaturalNtNtCsh3XdwJDMWoV_4core3cmp10PartialOrd11partial_cmp
FNDA:0,_RNvNtNtNtCs4n0aYCRvclD_19mathematical_number7natural5tests10exhaustives_27stress_16384_bit_operations
FNDA:48,_RNvNtNtCs4n0aYCRvclD_19mathematical_number7natural5tests1n
FNDA:1,_RNvNtNtCs4n0aYCRvclD_19mathematical_number7natural5testss_13hex_roundtrip
FNDA:1,_RNvNtNtCs4n0aYCRvclD_19mathematical_number7natural5testss_15zero_roundtrips
FNDA:1,_RNvNtNtCs4n0aYCRvclD_19mathematical_number7natural5testss_17shl_shr_roundtrip
FNDA:1,_RNvNtNtCs4n0aYCRvclD_19mathematical_number7natural5testss_21add_matches_hand_case
FNDA:1,_RNvNtNtCs4n0aYCRvclD_19mathematical_number7natural5testss_21mul_matches_hand_case
FNDA:1,_RNvNtNtCs4n0aYCRvclD_19mathematical_number7natural5testss_24decimal_string_roundtrip
FNDA:1,_RNvNtNtCs4n0aYCRvclD_19mathematical_number7natural5testss_25bit_length_and_bit_access
FNDA:1,_RNvNtNtCs4n0aYCRvclD_19mathematical_number7natural5testss_25ord_compares_by_magnitude
FNDA:1,_RNvNtNtCs4n0aYCRvclD_19mathematical_number7natural5testss_27isqrt_matches_known_squares
FNDA:1,_RNvNtNtCs4n0aYCRvclD_19mathematical_number7natural5testss_28div_rem_self_check_invariant
FNDA:1,_RNvNtNtCs4n0aYCRvclD_19mathematical_number7natural5testss_28nth_root_matches_known_cubes
FNDA:1,_RNvNtNtCs4n0aYCRvclD_19mathematical_number7natural5testss_29gcd_matches_euclid_hand_cases
FNDA:1,_RNvNtNtCs4n0aYCRvclD_19mathematical_number7natural5testss_40div_rem_by_larger_value_is_zero_quotient
FNDA:1,_RNvNtNtCs4n0aYCRvclD_19mathematical_number7natural5testss_50checked_sub_matches_hand_case_and_rejects_negative
FNDA:0,_RNCNvNtNtNtCs4n0aYCRvclD_19mathematical_number7natural5tests4longs_27stress_4096_bit_mul_div_gcd0B9_
FNDA:0,_RNCNvNtNtNtCs4n0aYCRvclD_19mathematical_number7natural5tests4longs_27stress_4096_bit_mul_div_gcds0_0B9_
FNDA:0,_RNCNvNtNtNtCs4n0aYCRvclD_19mathematical_number7natural5tests4longs_27stress_4096_bit_mul_div_gcds_0B9_
FNDA:4,_RNCNvMNtCs4n0aYCRvclD_19mathematical_number7naturalNtB4_7Natural13mul_karatsuba0B6_
FNDA:2271,_RNCNvXs1_NtCs4n0aYCRvclD_19mathematical_number7naturalNtB7_7NaturalNtNtCsh3XdwJDMWoV_4core3cmp3Ord3cmp0B9_
FNDA:3796,_RNCNvNtNtNtCs4n0aYCRvclD_19mathematical_number7natural5tests5quicks_40div_rem_invariant_holds_on_random_shapes0B9_
FNDA:1206,_RNCNvNtNtNtCs4n0aYCRvclD_19mathematical_number7natural5tests5quicks_40div_rem_invariant_holds_on_random_shapess0_0B9_
FNDA:2190,_RNCNvNtNtNtCs4n0aYCRvclD_19mathematical_number7natural5tests5quicks_40div_rem_invariant_holds_on_random_shapess_0B9_
FNDA:467,_RNCNvNtNtNtCs4n0aYCRvclD_19mathematical_number7natural5tests5quicks_45karatsuba_matches_schoolbook_across_threshold0B9_
FNDA:160,_RNCNvNtNtNtCs4n0aYCRvclD_19mathematical_number7natural5tests5quicks_45karatsuba_matches_schoolbook_across_thresholds0_0B9_
FNDA:307,_RNCNvNtNtNtCs4n0aYCRvclD_19mathematical_number7natural5tests5quicks_45karatsuba_matches_schoolbook_across_thresholds_0B9_
FNDA:0,_RNCNvNtNtNtCs4n0aYCRvclD_19mathematical_number7natural5tests10exhaustives_27stress_16384_bit_operations0B9_
FNDA:0,_RNCNvNtNtNtCs4n0aYCRvclD_19mathematical_number7natural5tests10exhaustives_27stress_16384_bit_operationss0_0B9_
FNDA:0,_RNCNvNtNtNtCs4n0aYCRvclD_19mathematical_number7natural5tests10exhaustives_27stress_16384_bit_operationss_0B9_
FNDA:1,_RNvNtNtNtCs4n0aYCRvclD_19mathematical_number7natural5tests5quicks_40div_rem_invariant_holds_on_random_shapes
FNDA:1,_RNvNtNtNtCs4n0aYCRvclD_19mathematical_number7natural5tests5quicks_45karatsuba_matches_schoolbook_across_threshold
FNDA:1,_RNvNtNtNtCs4n0aYCRvclD_19mathematical_number7natural5tests5quicks_48div_rem_add_back_branch_is_exercised_and_correct
FNDA:1,_RNvNtNtNtCs4n0aYCRvclD_19mathematical_number7natural5tests5quicks_48sieve_like_isqrt_matches_f64_for_moderate_values
FNDA:0,_RNvNtNtNtCs4n0aYCRvclD_19mathematical_number7natural5tests4longs_27stress_4096_bit_mul_div_gcd
FNF:79
FNH:60
DA:17,67058
DA:18,78709
DA:19,11651
DA:20,11651
DA:21,67058
DA:22,67058
DA:24,652
DA:25,652
DA:26,652
DA:28,301
DA:29,301
DA:30,301
DA:32,34837
DA:33,34837
DA:34,34837
DA:36,1130
DA:37,1130
DA:38,1130
DA:40,0
DA:41,0
DA:42,0
DA:43,0
DA:44,0
DA:46,209
DA:47,209
DA:48,0
DA:49,207
DA:50,2
DA:52,209
DA:54,13
DA:55,13
DA:56,0
DA:57,0
DA:58,13
DA:59,0
DA:61,13
DA:63,2
DA:64,2
DA:65,2
DA:67,0
DA:68,0
DA:69,0
DA:72,83
DA:73,83
DA:74,0
DA:75,83
DA:77,83
DA:79,5383
DA:80,5383
DA:81,5383
DA:82,0
DA:83,5383
DA:84,5383
DA:85,5383
DA:88,20581
DA:89,20581
DA:90,301
DA:91,20280
DA:92,20280
DA:93,20280
DA:94,20280
DA:95,20280
DA:96,61580
DA:97,61580
DA:98,61580
DA:99,61580
DA:101,20280
DA:102,68
DA:103,20212
DA:104,20280
DA:105,20581
DA:107,11298
DA:108,11298
DA:109,11298
DA:110,0
DA:111,11298
DA:112,11298
DA:113,11298
DA:114,11298
DA:115,22320
DA:116,22320
DA:117,22320
DA:118,22320
DA:120,11298
DA:121,11298
DA:123,1073
DA:124,1073
DA:125,0
DA:126,1073
DA:127,1073
DA:128,1073
DA:129,1073
DA:130,0
DA:132,0
DA:133,1073
DA:137,0
DA:138,0
DA:139,0
DA:140,0
DA:142,0
DA:143,0
DA:144,0
DA:145,0
DA:147,0
DA:148,0
DA:149,0
DA:150,0
DA:154,807
DA:155,807
DA:156,807
DA:157,807
DA:158,3086
DA:159,3086
DA:160,3086
DA:161,3086
DA:162,3086
DA:163,3086
DA:164,3086
DA:165,3086
DA:166,807
DA:167,1
DA:168,806
DA:169,807
DA:170,807
DA:173,903
DA:174,903
DA:175,1
DA:176,902
DA:177,902
DA:178,902
DA:179,1451
DA:180,1451
DA:181,1451
DA:182,1451
DA:183,1451
DA:184,200
DA:185,200
DA:186,1251
DA:187,1251
DA:188,1251
DA:189,1451
DA:191,902
DA:192,903
DA:196,11467
DA:197,11467
DA:198,154
DA:199,11313
DA:200,11313
DA:201,22970
DA:202,22970
DA:203,36
DA:204,22934
DA:205,22934
DA:206,64163
DA:207,64163
DA:208,64163
DA:209,64163
DA:210,64163
DA:211,22934
DA:212,44775
DA:213,21841
DA:214,21841
DA:215,21841
DA:216,21841
DA:217,21841
DA:219,11313
DA:220,11467
DA:225,11463
DA:226,11463
DA:227,11463
DA:228,11459
DA:229,4
DA:230,4
DA:231,4
DA:232,4
DA:234,4
DA:235,4
DA:237,4
DA:238,4
DA:239,4
DA:241,4
DA:242,4
DA:243,4
DA:244,4
DA:245,4
DA:248,4
DA:249,257
DA:250,257
DA:251,257
DA:252,4
DA:253,4
DA:254,4
DA:255,11463
DA:257,8
DA:258,12
DA:259,4
DA:260,4
DA:261,8
DA:262,434
DA:263,434
DA:264,434
DA:265,434
DA:266,434
DA:267,434
DA:268,8
DA:269,8
DA:270,0
DA:271,0
DA:272,0
DA:273,0
DA:274,0
DA:275,0
DA:276,0
DA:278,8
DA:280,11451
DA:281,11451
DA:282,11451
DA:287,8
DA:288,8
DA:289,8
DA:291,82
DA:292,82
DA:293,0
DA:294,82
DA:295,82
DA:296,82
DA:297,82
DA:298,82
DA:299,82
DA:300,82
DA:301,82
DA:302,82
DA:303,0
DA:304,82
DA:305,82
DA:306,82
DA:311,198
DA:312,198
DA:313,198
DA:314,198
DA:315,394
DA:316,394
DA:317,394
DA:318,394
DA:319,394
DA:320,198
DA:321,198
DA:327,10898
DA:328,10898
DA:329,10898
DA:330,481
DA:331,10417
DA:332,10417
DA:333,189
DA:334,189
DA:335,10228
DA:337,10228
DA:338,10228
DA:339,10228
DA:340,10228
DA:341,10228
DA:342,10228
DA:344,10228
DA:345,10228
DA:346,10228
DA:348,31132
DA:349,31132
DA:350,31132
DA:351,31132
DA:352,31132
DA:353,0
DA:354,0
DA:355,31132
DA:356,37918
DA:357,6786
DA:358,6786
DA:359,6786
DA:362,31132
DA:363,31132
DA:364,66498
DA:365,66498
DA:366,66498
DA:367,66498
DA:368,66498
DA:369,34684
DA:370,34684
DA:371,34684
DA:372,31814
DA:373,31814
DA:374,31814
DA:376,31132
DA:377,31132
DA:379,0
DA:380,0
DA:381,0
DA:382,0
DA:383,0
DA:384,0
DA:385,0
DA:386,0
DA:387,0
DA:388,0
DA:389,31132
DA:390,31132
DA:391,31132
DA:392,31132
DA:395,10228
DA:396,10228
DA:397,10228
DA:398,10898
DA:402,67
DA:403,67
DA:404,67
DA:405,67
DA:406,170
DA:407,103
DA:408,75
DA:409,75
DA:410,103
DA:411,103
DA:413,67
DA:414,67
DA:418,10
DA:419,10
DA:420,10
DA:423,14
DA:424,14
DA:425,14
DA:426,1
DA:427,13
DA:428,13
DA:429,13
DA:431,41
DA:432,41
DA:433,41
DA:434,0
DA:435,41
DA:436,41
DA:437,41
DA:438,41
DA:439,13
DA:440,28
DA:441,28
DA:444,13
DA:445,0
DA:446,0
DA:447,13
DA:448,0
DA:449,0
DA:450,13
DA:451,14
DA:457,87
DA:458,87
DA:459,1
DA:460,86
DA:461,86
DA:462,0
DA:463,86
DA:464,86
DA:465,86
DA:466,86
DA:467,86
DA:469,815
DA:470,815
DA:471,295
DA:472,520
DA:473,815
DA:474,815
DA:475,86
DA:476,729
DA:478,86
DA:479,87
DA:483,9
DA:484,9
DA:485,3
DA:486,6
DA:487,6
DA:488,6
DA:489,15
DA:490,9
DA:491,9
DA:492,9
DA:493,9
DA:494,6
DA:495,6
DA:496,3
DA:497,3
DA:498,6
DA:499,9
DA:501,1
DA:502,1
DA:503,0
DA:504,1
DA:505,1
DA:506,1
DA:507,0
DA:508,0
DA:509,1
DA:510,1
DA:512,136
DA:513,136
DA:514,0
DA:515,136
DA:516,136
DA:517,136
DA:518,406
DA:519,406
DA:520,406
DA:522,136
DA:523,136
DA:529,0
DA:530,0
DA:531,0
DA:536,49
DA:537,49
DA:538,49
DA:542,12938
DA:543,12938
DA:544,12938
DA:548,12931
DA:549,12931
DA:550,12931
DA:556,0
DA:557,0
DA:558,0
DA:565,0
DA:566,0
DA:567,0
DA:577,48
DA:578,48
DA:579,48
DA:583,1
DA:584,1
DA:585,1
DA:586,1
DA:589,1
DA:590,1
DA:591,1
DA:592,1
DA:595,1
DA:596,1
DA:597,1
DA:600,1
DA:601,1
DA:602,1
DA:603,1
DA:606,1
DA:607,1
DA:608,1
DA:611,1
DA:612,1
DA:613,1
DA:614,1
DA:615,1
DA:616,1
DA:617,1
DA:620,1
DA:621,1
DA:622,1
DA:623,1
DA:624,1
DA:627,1
DA:628,1
DA:629,1
DA:630,1
DA:631,1
DA:632,1
DA:635,1
DA:636,1
DA:637,1
DA:638,1
DA:639,1
DA:642,1
DA:643,1
DA:644,1
DA:645,1
DA:646,1
DA:649,1
DA:650,1
DA:651,1
DA:652,1
DA:653,1
DA:656,1
DA:657,1
DA:658,1
DA:659,1
DA:660,1
DA:661,1
DA:664,1
DA:665,1
DA:666,1
DA:667,1
DA:670,1
DA:671,1
DA:672,1
DA:673,1
DA:674,1
DA:682,1
DA:683,1
DA:684,467
DA:685,467
DA:686,467
DA:687,467
DA:688,467
DA:689,467
DA:691,8
DA:692,307
DA:693,160
DA:694,8
DA:695,8
DA:696,8
DA:697,8
DA:698,8
DA:700,1
DA:703,1
DA:704,1
DA:705,3796
DA:706,3796
DA:707,3796
DA:708,3796
DA:709,3796
DA:710,3796
DA:711,1
DA:712,200
DA:713,200
DA:714,2190
DA:715,1206
DA:716,200
DA:717,0
DA:718,200
DA:719,200
DA:720,200
DA:721,200
DA:723,1
DA:726,1
DA:729,1
DA:730,1
DA:731,1
DA:732,1
DA:733,1
DA:734,1
DA:737,1
DA:738,5
DA:739,5
DA:740,5
DA:741,5
DA:742,5
DA:744,1
DA:753,0
DA:754,0
DA:755,0
DA:756,0
DA:757,0
DA:758,0
DA:759,0
DA:760,0
DA:761,0
DA:762,0
DA:763,0
DA:764,0
DA:765,0
DA:766,0
DA:767,0
DA:768,0
DA:769,0
DA:770,0
DA:771,0
DA:772,0
DA:773,0
DA:774,0
DA:776,0
DA:785,0
DA:786,0
DA:787,0
DA:788,0
DA:789,0
DA:790,0
DA:791,0
DA:792,0
DA:793,0
DA:794,0
DA:795,0
DA:796,0
DA:797,0
DA:798,0
DA:799,0
DA:800,0
DA:801,0
DA:802,0
DA:803,0
DA:804,0
DA:806,0
BRF:0
BRH:0
LF:609
LH:485
end_of_record
SF:/Users/ueli/Documents/semio/mathematical/number/rs/src/primes.rs
FN:609,_RNvNtNtNtCs4n0aYCRvclD_19mathematical_number6primes5tests4longs_31factor_natural_random_semiprime
FN:534,_RNCNvNtNtCs4n0aYCRvclD_19mathematical_number6primes5testss_42factor_u64_reconstructs_via_multiplication0B7_
FN:615,_RNCNvNtNtNtCs4n0aYCRvclD_19mathematical_number6primes5tests4longs_31factor_natural_random_semiprime0B9_
FN:62,_RNvMNtCs4n0aYCRvclD_19mathematical_number6primesNtB2_16InlineSplitMix644next
FN:164,_RNvMs_NtCs4n0aYCRvclD_19mathematical_number6primesNtB4_5Sieve3new
FN:200,_RNvMs_NtCs4n0aYCRvclD_19mathematical_number6primesNtB4_5Sieve5count
FN:196,_RNvMs_NtCs4n0aYCRvclD_19mathematical_number6primesNtB4_5Sieve6primes
FN:189,_RNvMs_NtCs4n0aYCRvclD_19mathematical_number6primesNtB4_5Sieve8is_prime
FN:250,_RNvNtCs4n0aYCRvclD_19mathematical_number6primes10factor_u64
FN:141,_RNvNtCs4n0aYCRvclD_19mathematical_number6primes10next_prime
FN:482,_RNvNtCs4n0aYCRvclD_19mathematical_number6primes11divisor_sum
FN:454,_RNvNtCs4n0aYCRvclD_19mathematical_number6primes12divisors_u64
FN:20,_RNvNtCs4n0aYCRvclD_19mathematical_number6primes12is_prime_u64
FN:475,_RNvNtCs4n0aYCRvclD_19mathematical_number6primes13divisor_count
FN:95,_RNvNtCs4n0aYCRvclD_19mathematical_number6primes14mulmod_natural
FN:100,_RNvNtCs4n0aYCRvclD_19mathematical_number6primes15mod_pow_natural
FN:209,_RNvNtCs4n0aYCRvclD_19mathematical_number6primes15pollard_rho_u64
FN:366,_RNvNtCs4n0aYCRvclD_19mathematical_number6primes19pollard_rho_natural
FN:73,_RNvNtCs4n0aYCRvclD_19mathematical_number6primes20miller_rabin_natural
FN:299,_RNvNtCs4n0aYCRvclD_19mathematical_number6primes6factor
FN:8,_RNvNtCs4n0aYCRvclD_19mathematical_number6primes7gcd_u64
FN:436,_RNvNtCs4n0aYCRvclD_19mathematical_number6primes7moebius
FN:118,_RNvNtCs4n0aYCRvclD_19mathematical_number6primes8is_prime
FN:425,_RNvNtCs4n0aYCRvclD_19mathematical_number6primes9euler_phi
FN:266,_RNvNvNtCs4n0aYCRvclD_19mathematical_number6primes10factor_u647recurse
FN:325,_RNvNvNtCs4n0aYCRvclD_19mathematical_number6primes6factor7recurse
FN:584,_RNvNtNtNtCs4n0aYCRvclD_19mathematical_number6primes5tests5quicks_30factor_random_64bit_semiprimes
FN:597,_RNvNtNtNtCs4n0aYCRvclD_19mathematical_number6primes5tests5quicks_35sieve_count_matches_known_pi_of_1e6
FN:486,_RNCNCNvNtCs4n0aYCRvclD_19mathematical_number6primes11divisor_sum00B7_
FN:167,_RNCNvMs_NtCs4n0aYCRvclD_19mathematical_number6primesNtB6_5Sieve3new0B8_
FN:176,_RNCNvMs_NtCs4n0aYCRvclD_19mathematical_number6primesNtB6_5Sieve3news_0B8_
FN:197,_RNCNvMs_NtCs4n0aYCRvclD_19mathematical_number6primesNtB6_5Sieve6primes0B8_
FN:486,_RNCNvNtCs4n0aYCRvclD_19mathematical_number6primes11divisor_sum0B5_
FN:479,_RNCNvNtCs4n0aYCRvclD_19mathematical_number6primes13divisor_count0B5_
FN:216,_RNCNvNtCs4n0aYCRvclD_19mathematical_number6primes15pollard_rho_u640B5_
FN:375,_RNCNvNtCs4n0aYCRvclD_19mathematical_number6primes19pollard_rho_natural0B5_
FN:301,_RNCNvNtCs4n0aYCRvclD_19mathematical_number6primes6factor0B5_
FN:352,_RNCNvNtCs4n0aYCRvclD_19mathematical_number6primes6factors_0B5_
FN:444,_RNCNvNtCs4n0aYCRvclD_19mathematical_number6primes7moebius0B5_
FN:271,_RNCNvNvNtCs4n0aYCRvclD_19mathematical_number6primes10factor_u647recurse0B7_
FN:332,_RNCNvNvNtCs4n0aYCRvclD_19mathematical_number6primes6factor7recurse0B7_
FN:340,_RNCNvNvNtCs4n0aYCRvclD_19mathematical_number6primes6factor7recurses_0B7_
FN:558,_RNvNtNtCs4n0aYCRvclD_19mathematical_number6primes5testss_18divisors_hand_case
FN:550,_RNvNtNtCs4n0aYCRvclD_19mathematical_number6primes5testss_18moebius_hand_cases
FN:543,_RNvNtNtCs4n0aYCRvclD_19mathematical_number6primes5testss_20euler_phi_hand_cases
FN:574,_RNvNtNtCs4n0aYCRvclD_19mathematical_number6primes5testss_21next_prime_hand_cases
FN:497,_RNvNtNtCs4n0aYCRvclD_19mathematical_number6primes5testss_23is_prime_u64_hand_cases
FN:566,_RNvNtNtCs4n0aYCRvclD_19mathematical_number6primes5testss_26sieve_matches_is_prime_u64
FN:507,_RNvNtNtCs4n0aYCRvclD_19mathematical_number6primes5testss_31carmichael_numbers_are_rejected
FN:531,_RNvNtNtCs4n0aYCRvclD_19mathematical_number6primes5testss_42factor_u64_reconstructs_via_multiplication
FN:522,_RNvNtNtCs4n0aYCRvclD_19mathematical_number6primes5testss_42is_prime_natural_handles_large_known_prime
FN:515,_RNvNtNtCs4n0aYCRvclD_19mathematical_number6primes5testss_50is_prime_natural_matches_u64_path_for_small_values
FN:589,_RNCNvNtNtNtCs4n0aYCRvclD_19mathematical_number6primes5tests5quicks_30factor_random_64bit_semiprimes0B9_
FN:592,_RNCNvNtNtNtCs4n0aYCRvclD_19mathematical_number6primes5tests5quicks_30factor_random_64bit_semiprimess0_0B9_
FN:591,_RNCNvNtNtNtCs4n0aYCRvclD_19mathematical_number6primes5tests5quicks_30factor_random_64bit_semiprimess_0B9_
FNDA:0,_RNvNtNtNtCs4n0aYCRvclD_19mathematical_number6primes5tests4longs_31factor_natural_random_semiprime
FNDA:8,_RNCNvNtNtCs4n0aYCRvclD_19mathematical_number6primes5testss_42factor_u64_reconstructs_via_multiplication0B7_
FNDA:0,_RNCNvNtNtNtCs4n0aYCRvclD_19mathematical_number6primes5tests4longs_31factor_natural_random_semiprime0B9_
FNDA:82,_RNvMNtCs4n0aYCRvclD_19mathematical_number6primesNtB2_16InlineSplitMix644next
FNDA:2,_RNvMs_NtCs4n0aYCRvclD_19mathematical_number6primesNtB4_5Sieve3new
FNDA:1,_RNvMs_NtCs4n0aYCRvclD_19mathematical_number6primesNtB4_5Sieve5count
FNDA:1,_RNvMs_NtCs4n0aYCRvclD_19mathematical_number6primesNtB4_5Sieve6primes
FNDA:1001000,_RNvMs_NtCs4n0aYCRvclD_19mathematical_number6primesNtB4_5Sieve8is_prime
FNDA:18,_RNvNtCs4n0aYCRvclD_19mathematical_number6primes10factor_u64
FNDA:2,_RNvNtCs4n0aYCRvclD_19mathematical_number6primes10next_prime
FNDA:1,_RNvNtCs4n0aYCRvclD_19mathematical_number6primes11divisor_sum
FNDA:1,_RNvNtCs4n0aYCRvclD_19mathematical_number6primes12divisors_u64
FNDA:1446,_RNvNtCs4n0aYCRvclD_19mathematical_number6primes12is_prime_u64
FNDA:1,_RNvNtCs4n0aYCRvclD_19mathematical_number6primes13divisor_count
FNDA:10460,_RNvNtCs4n0aYCRvclD_19mathematical_number6primes14mulmod_natural
FNDA:42,_RNvNtCs4n0aYCRvclD_19mathematical_number6primes15mod_pow_natural
FNDA:2,_RNvNtCs4n0aYCRvclD_19mathematical_number6primes15pollard_rho_u64
FNDA:0,_RNvNtCs4n0aYCRvclD_19mathematical_number6primes19pollard_rho_natural
FNDA:42,_RNvNtCs4n0aYCRvclD_19mathematical_number6primes20miller_rabin_natural
FNDA:0,_RNvNtCs4n0aYCRvclD_19mathematical_number6primes6factor
FNDA:14,_RNvNtCs4n0aYCRvclD_19mathematical_number6primes7gcd_u64
FNDA:4,_RNvNtCs4n0aYCRvclD_19mathematical_number6primes7moebius
FNDA:204,_RNvNtCs4n0aYCRvclD_19mathematical_number6primes8is_prime
FNDA:3,_RNvNtCs4n0aYCRvclD_19mathematical_number6primes9euler_phi
FNDA:22,_RNvNvNtCs4n0aYCRvclD_19mathematical_number6primes10factor_u647recurse
FNDA:0,_RNvNvNtCs4n0aYCRvclD_19mathematical_number6primes6factor7recurse
FNDA:1,_RNvNtNtNtCs4n0aYCRvclD_19mathematical_number6primes5tests5quicks_30factor_random_64bit_semiprimes
FNDA:1,_RNvNtNtNtCs4n0aYCRvclD_19mathematical_number6primes5tests5quicks_35sieve_count_matches_known_pi_of_1e6
FNDA:5,_RNCNCNvNtCs4n0aYCRvclD_19mathematical_number6primes11divisor_sum00B7_
FNDA:2123463,_RNCNvMs_NtCs4n0aYCRvclD_19mathematical_number6primesNtB6_5Sieve3new0B8_
FNDA:1029,_RNCNvMs_NtCs4n0aYCRvclD_19mathematical_number6primesNtB6_5Sieve3news_0B8_
FNDA:999999,_RNCNvMs_NtCs4n0aYCRvclD_19mathematical_number6primesNtB6_5Sieve6primes0B8_
FNDA:2,_RNCNvNtCs4n0aYCRvclD_19mathematical_number6primes11divisor_sum0B5_
FNDA:2,_RNCNvNtCs4n0aYCRvclD_19mathematical_number6primes13divisor_count0B5_
FNDA:5376,_RNCNvNtCs4n0aYCRvclD_19mathematical_number6primes15pollard_rho_u640B5_
FNDA:0,_RNCNvNtCs4n0aYCRvclD_19mathematical_number6primes19pollard_rho_natural0B5_
FNDA:0,_RNCNvNtCs4n0aYCRvclD_19mathematical_number6primes6factor0B5_
FNDA:0,_RNCNvNtCs4n0aYCRvclD_19mathematical_number6primes6factors_0B5_
FNDA:6,_RNCNvNtCs4n0aYCRvclD_19mathematical_number6primes7moebius0B5_
FNDA:11,_RNCNvNvNtCs4n0aYCRvclD_19mathematical_number6primes10factor_u647recurse0B7_
FNDA:0,_RNCNvNvNtCs4n0aYCRvclD_19mathematical_number6primes6factor7recurse0B7_
FNDA:0,_RNCNvNvNtCs4n0aYCRvclD_19mathematical_number6primes6factor7recurses_0B7_
FNDA:1,_RNvNtNtCs4n0aYCRvclD_19mathematical_number6primes5testss_18divisors_hand_case
FNDA:1,_RNvNtNtCs4n0aYCRvclD_19mathematical_number6primes5testss_18moebius_hand_cases
FNDA:1,_RNvNtNtCs4n0aYCRvclD_19mathematical_number6primes5testss_20euler_phi_hand_cases
FNDA:1,_RNvNtNtCs4n0aYCRvclD_19mathematical_number6primes5testss_21next_prime_hand_cases
FNDA:1,_RNvNtNtCs4n0aYCRvclD_19mathematical_number6primes5testss_23is_prime_u64_hand_cases
FNDA:1,_RNvNtNtCs4n0aYCRvclD_19mathematical_number6primes5testss_26sieve_matches_is_prime_u64
FNDA:1,_RNvNtNtCs4n0aYCRvclD_19mathematical_number6primes5testss_31carmichael_numbers_are_rejected
FNDA:1,_RNvNtNtCs4n0aYCRvclD_19mathematical_number6primes5testss_42factor_u64_reconstructs_via_multiplication
FNDA:1,_RNvNtNtCs4n0aYCRvclD_19mathematical_number6primes5testss_42is_prime_natural_handles_large_known_prime
FNDA:1,_RNvNtNtCs4n0aYCRvclD_19mathematical_number6primes5testss_50is_prime_natural_matches_u64_path_for_small_values
FNDA:6,_RNCNvNtNtNtCs4n0aYCRvclD_19mathematical_number6primes5tests5quicks_30factor_random_64bit_semiprimes0B9_
FNDA:5,_RNCNvNtNtNtCs4n0aYCRvclD_19mathematical_number6primes5tests5quicks_30factor_random_64bit_semiprimess0_0B9_
FNDA:4,_RNCNvNtNtNtCs4n0aYCRvclD_19mathematical_number6primes5tests5quicks_30factor_random_64bit_semiprimess_0B9_
FNF:55
FNH:45
DA:8,14
DA:9,14
DA:10,292
DA:11,278
DA:12,278
DA:13,14
DA:14,14
DA:20,1446
DA:21,1446
DA:22,3
DA:23,1443
DA:24,5259
DA:25,5259
DA:26,55
DA:27,5204
DA:28,5204
DA:29,1149
DA:30,4055
DA:32,239
DA:33,239
DA:34,720
DA:35,481
DA:36,481
DA:37,481
DA:38,2846
DA:39,2846
DA:40,0
DA:41,2846
DA:42,2846
DA:43,2846
DA:44,1879
DA:45,967
DA:46,967
DA:47,2101
DA:48,2101
DA:49,965
DA:50,1136
DA:52,2
DA:54,237
DA:55,1446
DA:62,82
DA:63,82
DA:64,82
DA:65,82
DA:66,82
DA:67,82
DA:68,82
DA:73,42
DA:74,42
DA:75,42
DA:76,42
DA:77,42
DA:78,210
DA:79,168
DA:80,168
DA:81,168
DA:82,42
DA:83,42
DA:84,41
DA:85,1
DA:86,1
DA:87,126
DA:88,126
DA:89,0
DA:90,126
DA:92,1
DA:93,42
DA:95,10460
DA:96,10460
DA:97,10460
DA:98,10460
DA:100,42
DA:101,42
DA:102,42
DA:103,42
DA:104,5167
DA:105,5167
DA:106,5167
DA:107,5167
DA:108,5167
DA:110,42
DA:111,42
DA:118,204
DA:119,204
DA:120,202
DA:121,2
DA:122,2
DA:123,0
DA:124,2
DA:125,2
DA:126,1
DA:127,1
DA:128,1
DA:129,1
DA:130,1
DA:131,1
DA:132,40
DA:133,40
DA:134,40
DA:135,0
DA:136,40
DA:138,1
DA:139,204
DA:141,2
DA:142,2
DA:143,2
DA:144,0
DA:145,2
DA:146,2
DA:147,1
DA:148,1
DA:149,1
DA:150,0
DA:151,0
DA:152,1
DA:153,2
DA:164,2
DA:165,2
DA:166,2
DA:167,2123463
DA:168,2
DA:169,2
DA:170,2
DA:171,2
DA:172,2
DA:173,2
DA:174,2
DA:175,1031
DA:176,1029
DA:177,1029
DA:178,179
DA:179,2123638
DA:180,2123459
DA:181,2123459
DA:182,2123459
DA:183,850
DA:184,1029
DA:186,2
DA:187,2
DA:189,1001000
DA:190,1001000
DA:191,0
DA:192,1001000
DA:193,1001000
DA:194,1001000
DA:196,1
DA:197,999999
DA:198,1
DA:200,1
DA:201,1
DA:202,1
DA:209,2
DA:210,2
DA:211,0
DA:212,2
DA:213,2
DA:215,2
DA:216,5376
DA:217,2
DA:218,2
DA:219,2
DA:220,2
DA:221,16
DA:222,14
DA:223,14
DA:224,1792
DA:225,1792
DA:226,1792
DA:227,1792
DA:228,0
DA:229,1792
DA:231,14
DA:233,2
DA:235,0
DA:236,0
DA:237,0
DA:238,0
DA:239,0
DA:240,0
DA:241,0
DA:242,2
DA:243,2
DA:244,2
DA:245,0
DA:248,2
DA:250,18
DA:251,18
DA:252,18
DA:253,70026
DA:254,70026
DA:255,16
DA:256,70010
DA:257,70010
DA:258,13
DA:259,44
DA:260,31
DA:261,31
DA:262,31
DA:263,13
DA:264,69997
DA:266,22
DA:267,22
DA:268,5
DA:269,17
DA:270,17
DA:271,15
DA:272,0
DA:273,15
DA:275,15
DA:276,2
DA:277,2
DA:278,2
DA:279,2
DA:280,22
DA:281,18
DA:282,18
DA:284,18
DA:285,28
DA:286,28
DA:287,12
DA:288,0
DA:289,0
DA:290,12
DA:291,16
DA:292,28
DA:294,18
DA:295,18
DA:299,0
DA:300,0
DA:301,0
DA:302,0
DA:303,0
DA:304,0
DA:305,0
DA:306,0
DA:307,0
DA:308,0
DA:309,0
DA:310,0
DA:311,0
DA:313,0
DA:314,0
DA:315,0
DA:316,0
DA:317,0
DA:318,0
DA:321,0
DA:322,0
DA:323,0
DA:325,0
DA:326,0
DA:327,0
DA:328,0
DA:329,0
DA:330,0
DA:331,0
DA:332,0
DA:333,0
DA:334,0
DA:337,0
DA:338,0
DA:339,0
DA:340,0
DA:341,0
DA:342,0
DA:344,0
DA:345,0
DA:346,0
DA:347,0
DA:348,0
DA:349,0
DA:350,0
DA:351,0
DA:352,0
DA:353,0
DA:354,0
DA:355,0
DA:356,0
DA:357,0
DA:358,0
DA:359,0
DA:360,0
DA:361,0
DA:363,0
DA:364,0
DA:366,0
DA:367,0
DA:368,0
DA:369,0
DA:370,0
DA:371,0
DA:372,0
DA:374,0
DA:375,0
DA:376,0
DA:377,0
DA:378,0
DA:379,0
DA:380,0
DA:381,0
DA:382,0
DA:383,0
DA:384,0
DA:385,0
DA:386,0
DA:387,0
DA:388,0
DA:389,0
DA:390,0
DA:391,0
DA:392,0
DA:393,0
DA:394,0
DA:395,0
DA:396,0
DA:397,0
DA:398,0
DA:400,0
DA:402,0
DA:404,0
DA:405,0
DA:406,0
DA:407,0
DA:408,0
DA:409,0
DA:410,0
DA:411,0
DA:412,0
DA:413,0
DA:415,0
DA:416,0
DA:417,0
DA:418,0
DA:421,0
DA:425,3
DA:426,3
DA:427,0
DA:428,3
DA:429,3
DA:430,3
DA:431,2
DA:432,2
DA:433,3
DA:434,3
DA:436,4
DA:437,4
DA:438,0
DA:439,4
DA:440,4
DA:441,1
DA:442,3
DA:443,3
DA:444,6
DA:445,1
DA:446,2
DA:447,2
DA:448,1
DA:450,1
DA:452,4
DA:454,1
DA:455,1
DA:456,0
DA:457,1
DA:458,1
DA:459,1
DA:460,2
DA:461,2
DA:462,2
DA:463,2
DA:464,9
DA:465,9
DA:466,9
DA:467,5
DA:469,2
DA:471,1
DA:472,1
DA:473,1
DA:475,1
DA:476,1
DA:477,0
DA:478,1
DA:479,2
DA:480,1
DA:482,1
DA:483,1
DA:484,0
DA:485,1
DA:486,5
DA:487,1
DA:497,1
DA:498,8
DA:499,8
DA:501,9
DA:502,9
DA:504,1
DA:507,1
DA:508,3
DA:509,3
DA:510,3
DA:512,1
DA:515,1
DA:516,198
DA:517,198
DA:519,1
DA:522,1
DA:524,1
DA:525,1
DA:526,1
DA:527,1
DA:528,1
DA:531,1
DA:532,6
DA:533,6
DA:534,8
DA:535,6
DA:536,8
DA:537,8
DA:540,1
DA:543,1
DA:544,1
DA:545,1
DA:546,1
DA:547,1
DA:550,1
DA:551,1
DA:552,1
DA:553,1
DA:554,1
DA:555,1
DA:558,1
DA:559,1
DA:560,1
DA:561,1
DA:562,1
DA:563,1
DA:566,1
DA:567,1
DA:568,1001
DA:569,1001
DA:571,1
DA:574,1
DA:575,1
DA:576,1
DA:577,1
DA:584,1
DA:586,3
DA:587,3
DA:588,3
DA:589,6
DA:590,3
DA:591,4
DA:592,5
DA:594,1
DA:597,1
DA:598,1
DA:599,1
DA:600,1
DA:609,0
DA:610,0
DA:611,0
DA:612,0
DA:613,0
DA:614,0
DA:615,0
DA:616,0
DA:617,0
BRF:0
BRH:0
LF:485
LH:337
end_of_record
SF:/Users/ueli/Documents/semio/mathematical/number/rs/src/rational.rs
FN:115,_RNCNvMNtCs4n0aYCRvclD_19mathematical_number8rationalNtB4_8Rational3pow0B6_
FN:136,_RNvMNtCs4n0aYCRvclD_19mathematical_number8rationalNtB2_8Rational15round_half_even
FN:73,_RNvMNtCs4n0aYCRvclD_19mathematical_number8rationalNtB2_8Rational3abs
FN:53,_RNvMNtCs4n0aYCRvclD_19mathematical_number8rationalNtB2_8Rational3one
FN:111,_RNvMNtCs4n0aYCRvclD_19mathematical_number8rationalNtB2_8Rational3pow
FN:279,_RNvXs2_NtCs4n0aYCRvclD_19mathematical_number8rationalNtB5_8RationalINtNtCsh3XdwJDMWoV_4core7convert4FromNtNtB7_7integer7IntegerE4from
FN:285,_RNvXs3_NtCs4n0aYCRvclD_19mathematical_number8rationalNtB5_8RationalINtNtCsh3XdwJDMWoV_4core7convert4FromxE4from
FN:315,_RNvXs4_NtCs4n0aYCRvclD_19mathematical_number8rationalNtB5_8RationalNtNtB7_6traits4Ring14characteristic
FN:303,_RNvXs4_NtCs4n0aYCRvclD_19mathematical_number8rationalNtB5_8RationalNtNtB7_6traits4Ring3mul
FN:300,_RNvXs4_NtCs4n0aYCRvclD_19mathematical_number8rationalNtB5_8RationalNtNtB7_6traits4Ring3neg
FN:294,_RNvXs4_NtCs4n0aYCRvclD_19mathematical_number8rationalNtB5_8RationalNtNtB7_6traits4Ring3one
FN:306,_RNvXs4_NtCs4n0aYCRvclD_19mathematical_number8rationalNtB5_8RationalNtNtB7_6traits4Ring3sub
FN:291,_RNvXs4_NtCs4n0aYCRvclD_19mathematical_number8rationalNtB5_8RationalNtNtB7_6traits4Ring4zero
FN:309,_RNvXs4_NtCs4n0aYCRvclD_19mathematical_number8rationalNtB5_8RationalNtNtB7_6traits4Ring7is_zero
FN:312,_RNvXs4_NtCs4n0aYCRvclD_19mathematical_number8rationalNtB5_8RationalNtNtB7_6traits4Ring8from_i64
FN:321,_RNvXs6_NtCs4n0aYCRvclD_19mathematical_number8rationalNtB5_8RationalNtNtB7_6traits14IntegralDomain9exact_div
FN:326,_RNvXs7_NtCs4n0aYCRvclD_19mathematical_number8rationalNtB5_8RationalNtNtB7_6traits9GcdDomain3gcd
FN:331,_RNvXs8_NtCs4n0aYCRvclD_19mathematical_number8rationalNtB5_8RationalNtNtB7_6traits15EuclideanDomain7div_rem
FN:254,_RNvXs_NtCs4n0aYCRvclD_19mathematical_number8rationalNtB4_8RationalNtNtCsh3XdwJDMWoV_4core3fmt7Display3fmt
FN:108,_RNCNvMNtCs4n0aYCRvclD_19mathematical_number8rationalNtB4_8Rational3div0B6_
FN:171,_RNCNvMNtCs4n0aYCRvclD_19mathematical_number8rationalNtB4_8Rational6to_f640B6_
FN:171,_RNCNvMNtCs4n0aYCRvclD_19mathematical_number8rationalNtB4_8Rational6to_f64s_0B6_
FN:347,_RNvNtNtCs4n0aYCRvclD_19mathematical_number8rational5tests1r
FN:372,_RNvNtNtCs4n0aYCRvclD_19mathematical_number8rational5testss_19inv_of_zero_is_none
FN:364,_RNvNtNtCs4n0aYCRvclD_19mathematical_number8rational5testss_20field_ops_hand_cases
FN:377,_RNvNtNtCs4n0aYCRvclD_19mathematical_number8rational5testss_27floor_ceil_trunc_hand_cases
FN:400,_RNvNtNtCs4n0aYCRvclD_19mathematical_number8rational5testss_27from_f64_roundtrips_exactly
FN:359,_RNvNtNtCs4n0aYCRvclD_19mathematical_number8rational5testss_28zero_denominator_is_rejected
FN:386,_RNvNtNtCs4n0aYCRvclD_19mathematical_number8rational5testss_33ordering_via_cross_multiplication
FN:352,_RNvNtNtCs4n0aYCRvclD_19mathematical_number8rational5testss_37normalization_reduces_to_lowest_terms
FN:424,_RNvNtNtCs4n0aYCRvclD_19mathematical_number8rational5testss_41field_trait_impl_matches_inherent_methods
FN:408,_RNvNtNtCs4n0aYCRvclD_19mathematical_number8rational5testss_43continued_fraction_reconstructs_convergents
FN:393,_RNvNtNtCs4n0aYCRvclD_19mathematical_number8rational5testss_44to_f64_matches_expected_for_simple_fractions
FN:416,_RNvNtNtCs4n0aYCRvclD_19mathematical_number8rational5testss_45best_approximation_respects_denominator_bound
FN:69,_RNvMNtCs4n0aYCRvclD_19mathematical_number8rationalNtB2_8Rational10is_integer
FN:217,_RNvMNtCs4n0aYCRvclD_19mathematical_number8rationalNtB2_8Rational11convergents
FN:41,_RNvMNtCs4n0aYCRvclD_19mathematical_number8rationalNtB2_8Rational12from_integer
FN:236,_RNvMNtCs4n0aYCRvclD_19mathematical_number8rationalNtB2_8Rational18best_approximation
FN:204,_RNvMNtCs4n0aYCRvclD_19mathematical_number8rationalNtB2_8Rational18continued_fraction
FN:78,_RNvMNtCs4n0aYCRvclD_19mathematical_number8rationalNtB2_8Rational3add
FN:107,_RNvMNtCs4n0aYCRvclD_19mathematical_number8rationalNtB2_8Rational3div
FN:96,_RNvMNtCs4n0aYCRvclD_19mathematical_number8rationalNtB2_8Rational3inv
FN:92,_RNvMNtCs4n0aYCRvclD_19mathematical_number8rationalNtB2_8Rational3mul
FN:84,_RNvMNtCs4n0aYCRvclD_19mathematical_number8rationalNtB2_8Rational3neg
FN:19,_RNvMNtCs4n0aYCRvclD_19mathematical_number8rationalNtB2_8Rational3new
FN:88,_RNvMNtCs4n0aYCRvclD_19mathematical_number8rationalNtB2_8Rational3sub
FN:126,_RNvMNtCs4n0aYCRvclD_19mathematical_number8rationalNtB2_8Rational4ceil
FN:49,_RNvMNtCs4n0aYCRvclD_19mathematical_number8rationalNtB2_8Rational4zero
FN:61,_RNvMNtCs4n0aYCRvclD_19mathematical_number8rationalNtB2_8Rational5denom
FN:121,_RNvMNtCs4n0aYCRvclD_19mathematical_number8rationalNtB2_8Rational5floor
FN:57,_RNvMNtCs4n0aYCRvclD_19mathematical_number8rationalNtB2_8Rational5numer
FN:130,_RNvMNtCs4n0aYCRvclD_19mathematical_number8rationalNtB2_8Rational5trunc
FN:160,_RNvMNtCs4n0aYCRvclD_19mathematical_number8rationalNtB2_8Rational6to_f64
FN:65,_RNvMNtCs4n0aYCRvclD_19mathematical_number8rationalNtB2_8Rational7is_zero
FN:177,_RNvMNtCs4n0aYCRvclD_19mathematical_number8rationalNtB2_8Rational8from_f64
FN:45,_RNvMNtCs4n0aYCRvclD_19mathematical_number8rationalNtB2_8Rational8from_i64
FN:27,_RNvMNtCs4n0aYCRvclD_19mathematical_number8rationalNtB2_8Rational9normalize
FN:264,_RNvXs0_NtCs4n0aYCRvclD_19mathematical_number8rationalNtB5_8RationalNtNtCsh3XdwJDMWoV_4core3cmp3Ord3cmp
FN:273,_RNvXs1_NtCs4n0aYCRvclD_19mathematical_number8rationalNtB5_8RationalNtNtCsh3XdwJDMWoV_4core3cmp10PartialOrd11partial_cmp
FN:297,_RNvXs4_NtCs4n0aYCRvclD_19mathematical_number8rationalNtB5_8RationalNtNtB7_6traits4Ring3add
FN:336,_RNvXs9_NtCs4n0aYCRvclD_19mathematical_number8rationalNtB5_8RationalNtNtB7_6traits5Field3inv
FNDA:0,_RNCNvMNtCs4n0aYCRvclD_19mathematical_number8rationalNtB4_8Rational3pow0B6_
FNDA:0,_RNvMNtCs4n0aYCRvclD_19mathematical_number8rationalNtB2_8Rational15round_half_even
FNDA:0,_RNvMNtCs4n0aYCRvclD_19mathematical_number8rationalNtB2_8Rational3abs
FNDA:0,_RNvMNtCs4n0aYCRvclD_19mathematical_number8rationalNtB2_8Rational3one
FNDA:0,_RNvMNtCs4n0aYCRvclD_19mathematical_number8rationalNtB2_8Rational3pow
FNDA:0,_RNvXs2_NtCs4n0aYCRvclD_19mathematical_number8rationalNtB5_8RationalINtNtCsh3XdwJDMWoV_4core7convert4FromNtNtB7_7integer7IntegerE4from
FNDA:0,_RNvXs3_NtCs4n0aYCRvclD_19mathematical_number8rationalNtB5_8RationalINtNtCsh3XdwJDMWoV_4core7convert4FromxE4from
FNDA:0,_RNvXs4_NtCs4n0aYCRvclD_19mathematical_number8rationalNtB5_8RationalNtNtB7_6traits4Ring14characteristic
FNDA:0,_RNvXs4_NtCs4n0aYCRvclD_19mathematical_number8rationalNtB5_8RationalNtNtB7_6traits4Ring3mul
FNDA:0,_RNvXs4_NtCs4n0aYCRvclD_19mathematical_number8rationalNtB5_8RationalNtNtB7_6traits4Ring3neg
FNDA:0,_RNvXs4_NtCs4n0aYCRvclD_19mathematical_number8rationalNtB5_8RationalNtNtB7_6traits4Ring3one
FNDA:0,_RNvXs4_NtCs4n0aYCRvclD_19mathematical_number8rationalNtB5_8RationalNtNtB7_6traits4Ring3sub
FNDA:0,_RNvXs4_NtCs4n0aYCRvclD_19mathematical_number8rationalNtB5_8RationalNtNtB7_6traits4Ring4zero
FNDA:0,_RNvXs4_NtCs4n0aYCRvclD_19mathematical_number8rationalNtB5_8RationalNtNtB7_6traits4Ring7is_zero
FNDA:0,_RNvXs4_NtCs4n0aYCRvclD_19mathematical_number8rationalNtB5_8RationalNtNtB7_6traits4Ring8from_i64
FNDA:0,_RNvXs6_NtCs4n0aYCRvclD_19mathematical_number8rationalNtB5_8RationalNtNtB7_6traits14IntegralDomain9exact_div
FNDA:0,_RNvXs7_NtCs4n0aYCRvclD_19mathematical_number8rationalNtB5_8RationalNtNtB7_6traits9GcdDomain3gcd
FNDA:0,_RNvXs8_NtCs4n0aYCRvclD_19mathematical_number8rationalNtB5_8RationalNtNtB7_6traits15EuclideanDomain7div_rem
FNDA:0,_RNvXs_NtCs4n0aYCRvclD_19mathematical_number8rationalNtB4_8RationalNtNtCsh3XdwJDMWoV_4core3fmt7Display3fmt
FNDA:1,_RNCNvMNtCs4n0aYCRvclD_19mathematical_number8rationalNtB4_8Rational3div0B6_
FNDA:0,_RNCNvMNtCs4n0aYCRvclD_19mathematical_number8rationalNtB4_8Rational6to_f640B6_
FNDA:13,_RNCNvMNtCs4n0aYCRvclD_19mathematical_number8rationalNtB4_8Rational6to_f64s_0B6_
FNDA:35,_RNvNtNtCs4n0aYCRvclD_19mathematical_number8rational5tests1r
FNDA:1,_RNvNtNtCs4n0aYCRvclD_19mathematical_number8rational5testss_19inv_of_zero_is_none
FNDA:1,_RNvNtNtCs4n0aYCRvclD_19mathematical_number8rational5testss_20field_ops_hand_cases
FNDA:1,_RNvNtNtCs4n0aYCRvclD_19mathematical_number8rational5testss_27floor_ceil_trunc_hand_cases
FNDA:1,_RNvNtNtCs4n0aYCRvclD_19mathematical_number8rational5testss_27from_f64_roundtrips_exactly
FNDA:1,_RNvNtNtCs4n0aYCRvclD_19mathematical_number8rational5testss_28zero_denominator_is_rejected
FNDA:1,_RNvNtNtCs4n0aYCRvclD_19mathematical_number8rational5testss_33ordering_via_cross_multiplication
FNDA:1,_RNvNtNtCs4n0aYCRvclD_19mathematical_number8rational5testss_37normalization_reduces_to_lowest_terms
FNDA:1,_RNvNtNtCs4n0aYCRvclD_19mathematical_number8rational5testss_41field_trait_impl_matches_inherent_methods
FNDA:1,_RNvNtNtCs4n0aYCRvclD_19mathematical_number8rational5testss_43continued_fraction_reconstructs_convergents
FNDA:1,_RNvNtNtCs4n0aYCRvclD_19mathematical_number8rational5testss_44to_f64_matches_expected_for_simple_fractions
FNDA:1,_RNvNtNtCs4n0aYCRvclD_19mathematical_number8rational5testss_45best_approximation_respects_denominator_bound
FNDA:2,_RNvMNtCs4n0aYCRvclD_19mathematical_number8rationalNtB2_8Rational10is_integer
FNDA:2,_RNvMNtCs4n0aYCRvclD_19mathematical_number8rationalNtB2_8Rational11convergents
FNDA:1,_RNvMNtCs4n0aYCRvclD_19mathematical_number8rationalNtB2_8Rational12from_integer
FNDA:1,_RNvMNtCs4n0aYCRvclD_19mathematical_number8rationalNtB2_8Rational18best_approximation
FNDA:2,_RNvMNtCs4n0aYCRvclD_19mathematical_number8rationalNtB2_8Rational18continued_fraction
FNDA:4,_RNvMNtCs4n0aYCRvclD_19mathematical_number8rationalNtB2_8Rational3add
FNDA:1,_RNvMNtCs4n0aYCRvclD_19mathematical_number8rationalNtB2_8Rational3div
FNDA:4,_RNvMNtCs4n0aYCRvclD_19mathematical_number8rationalNtB2_8Rational3inv
FNDA:2,_RNvMNtCs4n0aYCRvclD_19mathematical_number8rationalNtB2_8Rational3mul
FNDA:1,_RNvMNtCs4n0aYCRvclD_19mathematical_number8rationalNtB2_8Rational3neg
FNDA:79,_RNvMNtCs4n0aYCRvclD_19mathematical_number8rationalNtB2_8Rational3new
FNDA:1,_RNvMNtCs4n0aYCRvclD_19mathematical_number8rationalNtB2_8Rational3sub
FNDA:2,_RNvMNtCs4n0aYCRvclD_19mathematical_number8rationalNtB2_8Rational4ceil
FNDA:1,_RNvMNtCs4n0aYCRvclD_19mathematical_number8rationalNtB2_8Rational4zero
FNDA:8,_RNvMNtCs4n0aYCRvclD_19mathematical_number8rationalNtB2_8Rational5denom
FNDA:4,_RNvMNtCs4n0aYCRvclD_19mathematical_number8rationalNtB2_8Rational5floor
FNDA:2,_RNvMNtCs4n0aYCRvclD_19mathematical_number8rationalNtB2_8Rational5numer
FNDA:2,_RNvMNtCs4n0aYCRvclD_19mathematical_number8rationalNtB2_8Rational5trunc
FNDA:13,_RNvMNtCs4n0aYCRvclD_19mathematical_number8rationalNtB2_8Rational6to_f64
FNDA:17,_RNvMNtCs4n0aYCRvclD_19mathematical_number8rationalNtB2_8Rational7is_zero
FNDA:12,_RNvMNtCs4n0aYCRvclD_19mathematical_number8rationalNtB2_8Rational8from_f64
FNDA:37,_RNvMNtCs4n0aYCRvclD_19mathematical_number8rationalNtB2_8Rational8from_i64
FNDA:84,_RNvMNtCs4n0aYCRvclD_19mathematical_number8rationalNtB2_8Rational9normalize
FNDA:7,_RNvXs0_NtCs4n0aYCRvclD_19mathematical_number8rationalNtB5_8RationalNtNtCsh3XdwJDMWoV_4core3cmp3Ord3cmp
FNDA:7,_RNvXs1_NtCs4n0aYCRvclD_19mathematical_number8rationalNtB5_8RationalNtNtCsh3XdwJDMWoV_4core3cmp10PartialOrd11partial_cmp
FNDA:1,_RNvXs4_NtCs4n0aYCRvclD_19mathematical_number8rationalNtB5_8RationalNtNtB7_6traits4Ring3add
FNDA:1,_RNvXs9_NtCs4n0aYCRvclD_19mathematical_number8rationalNtB5_8RationalNtNtB7_6traits5Field3inv
FNF:61
FNH:41
DA:19,79
DA:20,79
DA:21,1
DA:22,78
DA:23,78
DA:24,78
DA:25,79
DA:27,84
DA:28,84
DA:29,0
DA:30,84
DA:31,84
DA:32,84
DA:33,68
DA:34,16
DA:35,16
DA:36,16
DA:37,16
DA:38,16
DA:39,84
DA:41,1
DA:42,1
DA:43,1
DA:45,37
DA:46,37
DA:47,37
DA:49,1
DA:50,1
DA:51,1
DA:53,0
DA:54,0
DA:55,0
DA:57,2
DA:58,2
DA:59,2
DA:61,8
DA:62,8
DA:63,8
DA:65,17
DA:66,17
DA:67,17
DA:69,2
DA:70,2
DA:71,2
DA:73,0
DA:74,0
DA:75,0
DA:78,4
DA:79,4
DA:80,4
DA:81,4
DA:82,4
DA:84,1
DA:85,1
DA:86,1
DA:88,1
DA:89,1
DA:90,1
DA:92,2
DA:93,2
DA:94,2
DA:96,4
DA:97,4
DA:98,1
DA:99,3
DA:100,3
DA:101,0
DA:103,3
DA:105,4
DA:107,1
DA:108,1
DA:109,1
DA:111,0
DA:112,0
DA:113,0
DA:115,0
DA:117,0
DA:121,4
DA:122,4
DA:123,4
DA:124,4
DA:126,2
DA:127,2
DA:128,2
DA:130,2
DA:131,2
DA:132,2
DA:133,2
DA:136,0
DA:137,0
DA:138,0
DA:139,0
DA:140,0
DA:141,0
DA:142,0
DA:144,0
DA:145,0
DA:147,0
DA:151,0
DA:160,13
DA:161,13
DA:162,0
DA:163,13
DA:164,13
DA:165,13
DA:166,13
DA:167,13
DA:168,13
DA:169,13
DA:170,13
DA:171,13
DA:172,13
DA:173,13
DA:177,12
DA:178,12
DA:179,0
DA:180,12
DA:181,12
DA:182,0
DA:183,12
DA:184,12
DA:185,12
DA:186,12
DA:187,12
DA:188,12
DA:189,0
DA:191,12
DA:193,12
DA:194,12
DA:195,12
DA:196,0
DA:198,12
DA:200,12
DA:204,2
DA:205,2
DA:206,2
DA:207,2
DA:208,32
DA:209,30
DA:210,30
DA:211,30
DA:212,30
DA:213,30
DA:214,2
DA:215,2
DA:217,2
DA:218,2
DA:219,2
DA:220,2
DA:221,2
DA:222,30
DA:223,30
DA:224,30
DA:225,30
DA:226,30
DA:227,30
DA:228,30
DA:229,30
DA:230,30
DA:231,2
DA:232,2
DA:236,1
DA:237,1
DA:238,1
DA:239,5
DA:240,5
DA:241,4
DA:242,4
DA:243,1
DA:246,1
DA:247,1
DA:254,0
DA:255,0
DA:256,0
DA:258,0
DA:260,0
DA:264,7
DA:266,7
DA:267,7
DA:268,7
DA:269,7
DA:273,7
DA:274,7
DA:275,7
DA:279,0
DA:280,0
DA:281,0
DA:285,0
DA:286,0
DA:287,0
DA:291,0
DA:292,0
DA:293,0
DA:294,0
DA:295,0
DA:296,0
DA:297,1
DA:298,1
DA:299,1
DA:300,0
DA:301,0
DA:302,0
DA:303,0
DA:304,0
DA:305,0
DA:306,0
DA:307,0
DA:308,0
DA:309,0
DA:310,0
DA:311,0
DA:312,0
DA:313,0
DA:314,0
DA:315,0
DA:316,0
DA:317,0
DA:321,0
DA:322,0
DA:323,0
DA:326,0
DA:327,0
DA:328,0
DA:331,0
DA:332,0
DA:333,0
DA:336,1
DA:337,1
DA:338,1
DA:347,35
DA:348,35
DA:349,35
DA:352,1
DA:353,1
DA:354,1
DA:355,1
DA:356,1
DA:359,1
DA:360,1
DA:361,1
DA:364,1
DA:365,1
DA:366,1
DA:367,1
DA:368,1
DA:369,1
DA:372,1
DA:373,1
DA:374,1
DA:377,1
DA:378,1
DA:379,1
DA:380,1
DA:381,1
DA:382,1
DA:383,1
DA:386,1
DA:387,1
DA:388,1
DA:389,1
DA:390,1
DA:393,1
DA:394,1
DA:395,1
DA:396,1
DA:397,1
DA:400,1
DA:401,6
DA:402,6
DA:403,6
DA:405,1
DA:408,1
DA:409,1
DA:410,1
DA:411,1
DA:412,1
DA:413,1
DA:416,1
DA:417,1
DA:418,1
DA:419,1
DA:420,1
DA:421,1
DA:424,1
DA:425,1
DA:426,1
DA:427,1
DA:428,1
DA:429,1
BRF:0
BRH:0
LF:293
LH:218
end_of_record
SF:/Users/ueli/Documents/semio/mathematical/number/rs/src/traits.rs
FN:109,_RINvNtCs4n0aYCRvclD_19mathematical_number6traits13field_div_rempEB4_
FN:162,_RNvXNtCs4n0aYCRvclD_19mathematical_number6traitsxNtB2_4Ring14characteristic
FN:150,_RNvXNtCs4n0aYCRvclD_19mathematical_number6traitsxNtB2_4Ring3neg
FN:223,_RNvXs3_NtCs4n0aYCRvclD_19mathematical_number6traitsdNtB5_4Ring14characteristic
FN:202,_RNvXs3_NtCs4n0aYCRvclD_19mathematical_number6traitsdNtB5_4Ring3add
FN:205,_RNvXs3_NtCs4n0aYCRvclD_19mathematical_number6traitsdNtB5_4Ring3neg
FN:220,_RNvXs3_NtCs4n0aYCRvclD_19mathematical_number6traitsdNtB5_4Ring3pow
FN:211,_RNvXs3_NtCs4n0aYCRvclD_19mathematical_number6traitsdNtB5_4Ring3sub
FN:217,_RNvXs3_NtCs4n0aYCRvclD_19mathematical_number6traitsdNtB5_4Ring8from_i64
FN:229,_RNvXs5_NtCs4n0aYCRvclD_19mathematical_number6traitsdNtB5_14IntegralDomain9exact_div
FN:238,_RNvXs6_NtCs4n0aYCRvclD_19mathematical_number6traitsdNtB5_9GcdDomain3gcd
FN:243,_RNvXs7_NtCs4n0aYCRvclD_19mathematical_number6traitsdNtB5_15EuclideanDomain7div_rem
FN:18,_RNvYpNtNtCs4n0aYCRvclD_19mathematical_number6traits4Ring3subB7_
FN:24,_RNvYpNtNtCs4n0aYCRvclD_19mathematical_number6traits4Ring6is_oneB7_
FN:29,_RNvYpNtNtCs4n0aYCRvclD_19mathematical_number6traits4Ring8from_i64B7_
FN:147,_RNvXNtCs4n0aYCRvclD_19mathematical_number6traitsxNtB2_4Ring3add
FN:153,_RNvXNtCs4n0aYCRvclD_19mathematical_number6traitsxNtB2_4Ring3mul
FN:144,_RNvXNtCs4n0aYCRvclD_19mathematical_number6traitsxNtB2_4Ring3one
FN:156,_RNvXNtCs4n0aYCRvclD_19mathematical_number6traitsxNtB2_4Ring3sub
FN:141,_RNvXNtCs4n0aYCRvclD_19mathematical_number6traitsxNtB2_4Ring4zero
FN:159,_RNvXNtCs4n0aYCRvclD_19mathematical_number6traitsxNtB2_4Ring8from_i64
FN:168,_RNvXs0_NtCs4n0aYCRvclD_19mathematical_number6traitsxNtB5_14IntegralDomain9exact_div
FN:177,_RNvXs1_NtCs4n0aYCRvclD_19mathematical_number6traitsxNtB5_9GcdDomain3gcd
FN:187,_RNvXs2_NtCs4n0aYCRvclD_19mathematical_number6traitsxNtB5_15EuclideanDomain7div_rem
FN:208,_RNvXs3_NtCs4n0aYCRvclD_19mathematical_number6traitsdNtB5_4Ring3mul
FN:199,_RNvXs3_NtCs4n0aYCRvclD_19mathematical_number6traitsdNtB5_4Ring3one
FN:196,_RNvXs3_NtCs4n0aYCRvclD_19mathematical_number6traitsdNtB5_4Ring4zero
FN:214,_RNvXs3_NtCs4n0aYCRvclD_19mathematical_number6traitsdNtB5_4Ring7is_zero
FN:248,_RNvXs8_NtCs4n0aYCRvclD_19mathematical_number6traitsdNtB5_5Field3inv
FN:115,_RINvNtCs4n0aYCRvclD_19mathematical_number6traits9field_gcddEB4_
FN:134,_RNCNvYdNtNtCs4n0aYCRvclD_19mathematical_number6traits5Field3div0B9_
FN:130,_RNvYdNtNtCs4n0aYCRvclD_19mathematical_number6traits5Field3divB7_
FN:51,_RNvYxNtNtCs4n0aYCRvclD_19mathematical_number6traits4Ring3powB7_
FN:21,_RNvYxNtNtCs4n0aYCRvclD_19mathematical_number6traits4Ring7is_zeroB7_
FN:88,_RNvYxNtNtCs4n0aYCRvclD_19mathematical_number6traits9GcdDomain3lcmB7_
FN:318,_RNvNtNtCs4n0aYCRvclD_19mathematical_number6traits5testss_21f64_field_inv_and_div
FN:306,_RNvNtNtCs4n0aYCRvclD_19mathematical_number6traits5testss_26i64_lcm_matches_hand_cases
FN:298,_RNvNtNtCs4n0aYCRvclD_19mathematical_number6traits5testss_33i64_gcd_matches_euclid_hand_cases
FN:264,_RNvNtNtCs4n0aYCRvclD_19mathematical_number6traits5testss_37i64_ring_axioms_hold_on_small_samples
FN:312,_RNvNtNtCs4n0aYCRvclD_19mathematical_number6traits5testss_38i64_div_rem_matches_language_semantics
FN:288,_RNvNtNtCs4n0aYCRvclD_19mathematical_number6traits5testss_39i64_pow_matches_repeated_multiplication
FN:328,_RNvNtNtCs4n0aYCRvclD_19mathematical_number6traits5testss_40field_gcd_helper_matches_unit_convention
FN:275,_RNvNtNtCs4n0aYCRvclD_19mathematical_number6traits5testss_67i64_from_i64_via_default_matches_identity_for_positive_and_negative
FN:279,_RNvNvNtNtCs4n0aYCRvclD_19mathematical_number6traits5testss_67i64_from_i64_via_default_matches_identity_for_positive_and_negative12via_doubling
FNDA:0,_RINvNtCs4n0aYCRvclD_19mathematical_number6traits13field_div_rempEB4_
FNDA:0,_RNvXNtCs4n0aYCRvclD_19mathematical_number6traitsxNtB2_4Ring14characteristic
FNDA:0,_RNvXNtCs4n0aYCRvclD_19mathematical_number6traitsxNtB2_4Ring3neg
FNDA:0,_RNvXs3_NtCs4n0aYCRvclD_19mathematical_number6traitsdNtB5_4Ring14characteristic
FNDA:0,_RNvXs3_NtCs4n0aYCRvclD_19mathematical_number6traitsdNtB5_4Ring3add
FNDA:0,_RNvXs3_NtCs4n0aYCRvclD_19mathematical_number6traitsdNtB5_4Ring3neg
FNDA:0,_RNvXs3_NtCs4n0aYCRvclD_19mathematical_number6traitsdNtB5_4Ring3pow
FNDA:0,_RNvXs3_NtCs4n0aYCRvclD_19mathematical_number6traitsdNtB5_4Ring3sub
FNDA:0,_RNvXs3_NtCs4n0aYCRvclD_19mathematical_number6traitsdNtB5_4Ring8from_i64
FNDA:0,_RNvXs5_NtCs4n0aYCRvclD_19mathematical_number6traitsdNtB5_14IntegralDomain9exact_div
FNDA:0,_RNvXs6_NtCs4n0aYCRvclD_19mathematical_number6traitsdNtB5_9GcdDomain3gcd
FNDA:0,_RNvXs7_NtCs4n0aYCRvclD_19mathematical_number6traitsdNtB5_15EuclideanDomain7div_rem
FNDA:0,_RNvYpNtNtCs4n0aYCRvclD_19mathematical_number6traits4Ring3subB7_
FNDA:0,_RNvYpNtNtCs4n0aYCRvclD_19mathematical_number6traits4Ring6is_oneB7_
FNDA:0,_RNvYpNtNtCs4n0aYCRvclD_19mathematical_number6traits4Ring8from_i64B7_
FNDA:121,_RNvXNtCs4n0aYCRvclD_19mathematical_number6traitsxNtB2_4Ring3add
FNDA:284,_RNvXNtCs4n0aYCRvclD_19mathematical_number6traitsxNtB2_4Ring3mul
FNDA:54,_RNvXNtCs4n0aYCRvclD_19mathematical_number6traitsxNtB2_4Ring3one
FNDA:121,_RNvXNtCs4n0aYCRvclD_19mathematical_number6traitsxNtB2_4Ring3sub
FNDA:4,_RNvXNtCs4n0aYCRvclD_19mathematical_number6traitsxNtB2_4Ring4zero
FNDA:6,_RNvXNtCs4n0aYCRvclD_19mathematical_number6traitsxNtB2_4Ring8from_i64
FNDA:1,_RNvXs0_NtCs4n0aYCRvclD_19mathematical_number6traitsxNtB5_14IntegralDomain9exact_div
FNDA:5,_RNvXs1_NtCs4n0aYCRvclD_19mathematical_number6traitsxNtB5_9GcdDomain3gcd
FNDA:2,_RNvXs2_NtCs4n0aYCRvclD_19mathematical_number6traitsxNtB5_15EuclideanDomain7div_rem
FNDA:1,_RNvXs3_NtCs4n0aYCRvclD_19mathematical_number6traitsdNtB5_4Ring3mul
FNDA:2,_RNvXs3_NtCs4n0aYCRvclD_19mathematical_number6traitsdNtB5_4Ring3one
FNDA:1,_RNvXs3_NtCs4n0aYCRvclD_19mathematical_number6traitsdNtB5_4Ring4zero
FNDA:4,_RNvXs3_NtCs4n0aYCRvclD_19mathematical_number6traitsdNtB5_4Ring7is_zero
FNDA:3,_RNvXs8_NtCs4n0aYCRvclD_19mathematical_number6traitsdNtB5_5Field3inv
FNDA:3,_RINvNtCs4n0aYCRvclD_19mathematical_number6traits9field_gcddEB4_
FNDA:1,_RNCNvYdNtNtCs4n0aYCRvclD_19mathematical_number6traits5Field3div0B9_
FNDA:1,_RNvYdNtNtCs4n0aYCRvclD_19mathematical_number6traits5Field3divB7_
FNDA:54,_RNvYxNtNtCs4n0aYCRvclD_19mathematical_number6traits4Ring3powB7_
FNDA:3,_RNvYxNtNtCs4n0aYCRvclD_19mathematical_number6traits4Ring7is_zeroB7_
FNDA:2,_RNvYxNtNtCs4n0aYCRvclD_19mathematical_number6traits9GcdDomain3lcmB7_
FNDA:1,_RNvNtNtCs4n0aYCRvclD_19mathematical_number6traits5testss_21f64_field_inv_and_div
FNDA:1,_RNvNtNtCs4n0aYCRvclD_19mathematical_number6traits5testss_26i64_lcm_matches_hand_cases
FNDA:1,_RNvNtNtCs4n0aYCRvclD_19mathematical_number6traits5testss_33i64_gcd_matches_euclid_hand_cases
FNDA:1,_RNvNtNtCs4n0aYCRvclD_19mathematical_number6traits5testss_37i64_ring_axioms_hold_on_small_samples
FNDA:1,_RNvNtNtCs4n0aYCRvclD_19mathematical_number6traits5testss_38i64_div_rem_matches_language_semantics
FNDA:1,_RNvNtNtCs4n0aYCRvclD_19mathematical_number6traits5testss_39i64_pow_matches_repeated_multiplication
FNDA:1,_RNvNtNtCs4n0aYCRvclD_19mathematical_number6traits5testss_40field_gcd_helper_matches_unit_convention
FNDA:1,_RNvNtNtCs4n0aYCRvclD_19mathematical_number6traits5testss_67i64_from_i64_via_default_matches_identity_for_positive_and_negative
FNDA:6,_RNvNvNtNtCs4n0aYCRvclD_19mathematical_number6traits5testss_67i64_from_i64_via_default_matches_identity_for_positive_and_negative12via_doubling
FNF:44
FNH:29
DA:18,0
DA:19,0
DA:20,0
DA:21,3
DA:22,3
DA:23,3
DA:24,0
DA:25,0
DA:26,0
DA:29,0
DA:30,0
DA:31,0
DA:32,0
DA:33,0
DA:34,0
DA:35,0
DA:36,0
DA:37,0
DA:38,0
DA:39,0
DA:40,0
DA:41,0
DA:42,0
DA:44,0
DA:45,0
DA:47,0
DA:49,0
DA:51,54
DA:52,54
DA:53,54
DA:54,54
DA:55,153
DA:56,99
DA:57,63
DA:58,63
DA:59,99
DA:60,99
DA:62,54
DA:63,54
DA:88,2
DA:89,2
DA:90,1
DA:91,1
DA:92,1
DA:93,1
DA:94,2
DA:109,0
DA:110,0
DA:111,0
DA:115,3
DA:116,3
DA:117,1
DA:119,2
DA:121,3
DA:130,1
DA:131,1
DA:132,1
DA:134,1
DA:135,1
DA:141,4
DA:142,4
DA:143,4
DA:144,54
DA:145,54
DA:146,54
DA:147,121
DA:148,121
DA:149,121
DA:150,0
DA:151,0
DA:152,0
DA:153,284
DA:154,284
DA:155,284
DA:156,121
DA:157,121
DA:158,121
DA:159,6
DA:160,6
DA:161,6
DA:162,0
DA:163,0
DA:164,0
DA:168,1
DA:169,1
DA:170,0
DA:172,1
DA:174,1
DA:177,5
DA:178,5
DA:179,5
DA:180,15
DA:181,10
DA:182,10
DA:183,5
DA:184,5
DA:187,2
DA:188,2
DA:189,2
DA:196,1
DA:197,1
DA:198,1
DA:199,2
DA:200,2
DA:201,2
DA:202,0
DA:203,0
DA:204,0
DA:205,0
DA:206,0
DA:207,0
DA:208,1
DA:209,1
DA:210,1
DA:211,0
DA:212,0
DA:213,0
DA:214,4
DA:215,4
DA:216,4
DA:217,0
DA:218,0
DA:219,0
DA:220,0
DA:221,0
DA:222,0
DA:223,0
DA:224,0
DA:225,0
DA:229,0
DA:230,0
DA:231,0
DA:233,0
DA:235,0
DA:238,0
DA:239,0
DA:240,0
DA:243,0
DA:244,0
DA:245,0
DA:248,3
DA:249,3
DA:250,1
DA:252,2
DA:254,3
DA:264,1
DA:265,11
DA:266,121
DA:267,121
DA:268,121
DA:269,121
DA:272,1
DA:275,1
DA:279,6
DA:280,6
DA:281,6
DA:282,6
DA:283,6
DA:285,1
DA:288,1
DA:289,9
DA:290,54
DA:291,54
DA:292,54
DA:295,1
DA:298,1
DA:299,1
DA:300,1
DA:301,1
DA:302,1
DA:303,1
DA:306,1
DA:307,1
DA:308,1
DA:309,1
DA:312,1
DA:313,1
DA:314,1
DA:315,1
DA:318,1
DA:319,1
DA:320,1
DA:321,1
DA:322,1
DA:323,1
DA:324,1
DA:325,1
DA:328,1
DA:329,1
DA:330,1
DA:331,1
DA:332,1
BRF:0
BRH:0
LF:193
LH:130
end_of_record